2010-12-03 19:06:22 [INFO] Starting minecraft server version 0.2.8
2010-12-03 19:06:22 [INFO] Loading properties
2010-12-03 19:06:22 [INFO] Starting Minecraft server on *:25565
2010-12-03 19:06:22 [INFO] Note: your current classpath is: Minecraft_Mod.jar
2010-12-03 19:06:22 [INFO] hMod Build Information: git-traitor-323796b
2010-12-03 19:06:22 [INFO] Preparing level "world"
2010-12-03 19:06:22 [INFO] Preparing start region
2010-12-03 19:06:24 [INFO] Done! For help, type "help" or "?"
2010-12-03 19:06:27 [WARNING] Can't keep up! Did the system time change, or is the server overloaded?
2010-12-03 19:07:08 [INFO] pfox__ [/192.168.1.108:52529] logged in with entity id 42
2010-12-03 19:07:12 [WARNING] Can't keep up! Did the system time change, or is the server overloaded?
2010-12-03 19:30:11 [INFO] pfox__ lost connection: Timed out
2010-12-03 19:58:52 [INFO] pfox__ [/192.168.1.108:46202] logged in with entity id 11423
2010-12-03 19:59:48 [INFO] pfox__ lost connection: Internal exception: java.net.SocketException: Connection reset
2010-12-03 20:22:35 [INFO] pfox__ [/192.168.1.108:39451] logged in with entity id 11913
2010-12-03 20:23:00 [WARNING] Can't keep up! Did the system time change, or is the server overloaded?
2010-12-03 20:24:45 [WARNING] Can't keep up! Did the system time change, or is the server overloaded?
2010-12-03 20:25:03 [INFO] <pfox__> dong
2010-12-03 20:27:22 [WARNING] Can't keep up! Did the system time change, or is the server overloaded?
2010-12-03 22:22:03 [INFO] pfox__ lost connection: Quitting
2010-12-04 13:25:38 [INFO] pfox__ [/192.168.1.108:60276] logged in with entity id 84907
2010-12-04 13:25:43 [WARNING] Can't keep up! Did the system time change, or is the server overloaded?
2010-12-04 13:41:08 [INFO] pfox__ lost connection: Quitting
2010-12-05 20:24:27 [INFO] bik [/24.17.145.236:41597] logged in with entity id 95656
2010-12-05 23:09:10 [INFO] bik lost connection: Quitting
2010-12-06 19:02:22 [INFO] bik [/24.17.145.236:31198] logged in with entity id 185723
2010-12-06 19:02:26 [WARNING] Can't keep up! Did the system time change, or is the server overloaded?
2010-12-06 19:18:45 [INFO] Unknown console command. Type "help" for help.
2010-12-06 19:18:51 [INFO] pfox__ [/192.168.1.108:53439] logged in with entity id 195174
2010-12-06 19:18:54 [WARNING] Can't keep up! Did the system time change, or is the server overloaded?
2010-12-06 19:18:56 [INFO] <pfox__> yo yo yo
2010-12-06 19:18:59 [INFO] <bik> sup
2010-12-06 19:19:04 [INFO] <pfox__> how be the lag
2010-12-06 19:19:11 [INFO] <bik> super bad actually
2010-12-06 19:19:18 [INFO] <pfox__> ok reboot
2010-12-06 19:19:24 [INFO] <bik> ok
2010-12-06 19:19:25 [INFO] <pfox__> reboot
2010-12-06 19:19:28 [INFO] pfox__ tried command /reboot
2010-12-06 19:19:46 [INFO] CONSOLE: Stopping the server..
2010-12-06 19:19:46 [INFO] Stopping server
2010-12-06 19:19:46 [INFO] Saving chunks
