2010-11-23 06:32:51 [INFO] Starting minecraft server version 0.2.4
2010-11-23 06:32:51 [INFO] Loading properties
2010-11-23 06:32:51 [INFO] Starting Minecraft server on *:25565
2010-11-23 06:32:52 [INFO] Hey0 Server Mod Build 125
2010-11-23 06:32:52 [INFO] Preparing level "world"
2010-11-23 06:32:52 [INFO] Preparing start region
2010-11-23 06:32:55 [INFO] Done! For help, type "help" or "?"
2010-11-23 06:32:59 [WARNING] Can't keep up! Did the system time change, or is the server overloaded?
2010-11-23 06:33:30 [INFO] To run the server without a gui, start it like this:
2010-11-23 06:33:30 [INFO]    java -Xmx1024M -Xms1024M -jar minecraft_server.jar nogui
2010-11-23 06:33:30 [INFO] Console commands:
2010-11-23 06:33:30 [INFO]    help  or  ?               shows this message
2010-11-23 06:33:30 [INFO]    kick <player>             removes a player from the server
2010-11-23 06:33:30 [INFO]    ban <player>              bans a player from the server
2010-11-23 06:33:30 [INFO]    pardon <player>           pardons a banned player so that they can connect again
2010-11-23 06:33:30 [INFO]    ban-ip <ip>               bans an IP address from the server
2010-11-23 06:33:30 [INFO]    pardon-ip <ip>            pardons a banned IP address so that they can connect again
2010-11-23 06:33:30 [INFO]    op <player>               turns a player into an op
2010-11-23 06:33:30 [INFO]    deop <player>             removes op status from a player
2010-11-23 06:33:30 [INFO]    tp <player1> <player2>    moves one player to the same location as another player
2010-11-23 06:33:30 [INFO]    give <player> <id> [num]  gives a player a resource
2010-11-23 06:33:30 [INFO]    tell <player> <message>   sends a private message to a player
2010-11-23 06:33:30 [INFO]    stop                      gracefully stops the server
2010-11-23 06:33:30 [INFO]    save-all                  forces a server-wide level save
2010-11-23 06:33:30 [INFO]    save-off                  disables terrain saving (useful for backup scripts)
2010-11-23 06:33:30 [INFO]    save-on                   re-enables terrain saving
2010-11-23 06:33:30 [INFO]    list                      lists all currently connected players
2010-11-23 06:33:30 [INFO]    say <message>             broadcasts a message to all players
2010-11-23 06:35:03 [INFO] pfox__ [/192.168.1.108:36220] logged in with entity id 6
2010-11-23 06:35:07 [WARNING] Can't keep up! Did the system time change, or is the server overloaded?
2010-11-23 08:05:19 [INFO] pfox__ lost connection: Quitting
2010-11-23 09:46:20 [INFO] pfox__ [/192.168.1.108:49105] logged in with entity id 60629
2010-11-23 09:46:24 [WARNING] Can't keep up! Did the system time change, or is the server overloaded?
2010-11-23 10:35:10 [INFO] pfox__ lost connection: Quitting
2010-11-29 12:50:03 [INFO] CONSOLE: Stopping the server..
2010-11-29 12:50:03 [INFO] Stopping server
2010-11-29 12:50:03 [INFO] Saving chunks
