2010-12-01 06:34:51 [INFO] Starting minecraft server version 0.2.6_02
2010-12-01 06:34:51 [INFO] Loading properties
2010-12-01 06:34:51 [INFO] Starting Minecraft server on *:25565
2010-12-01 06:34:51 [INFO] Hey0 Server Mod Build 129
2010-12-01 06:34:51 [INFO] Preparing level "world"
2010-12-01 06:34:51 [INFO] Preparing start region
2010-12-01 06:34:52 [INFO] Done! For help, type "help" or "?"
2010-12-01 06:34:56 [WARNING] Can't keep up! Did the system time change, or is the server overloaded?
2010-12-01 06:35:06 [INFO] To run the server without a gui, start it like this:
2010-12-01 06:35:06 [INFO]    java -Xmx1024M -Xms1024M -jar minecraft_server.jar nogui
2010-12-01 06:35:06 [INFO] Console commands:
2010-12-01 06:35:06 [INFO]    help  or  ?               shows this message
2010-12-01 06:35:06 [INFO]    kick <player>             removes a player from the server
2010-12-01 06:35:06 [INFO]    ban <player>              bans a player from the server
2010-12-01 06:35:06 [INFO]    pardon <player>           pardons a banned player so that they can connect again
2010-12-01 06:35:06 [INFO]    ban-ip <ip>               bans an IP address from the server
2010-12-01 06:35:06 [INFO]    pardon-ip <ip>            pardons a banned IP address so that they can connect again
2010-12-01 06:35:06 [INFO]    op <player>               turns a player into an op
2010-12-01 06:35:06 [INFO]    deop <player>             removes op status from a player
2010-12-01 06:35:06 [INFO]    tp <player1> <player2>    moves one player to the same location as another player
2010-12-01 06:35:06 [INFO]    give <player> <id> [num]  gives a player a resource
2010-12-01 06:35:06 [INFO]    tell <player> <message>   sends a private message to a player
2010-12-01 06:35:06 [INFO]    stop                      gracefully stops the server
2010-12-01 06:35:06 [INFO]    save-all                  forces a server-wide level save
2010-12-01 06:35:06 [INFO]    save-off                  disables terrain saving (useful for backup scripts)
2010-12-01 06:35:06 [INFO]    save-on                   re-enables terrain saving
2010-12-01 06:35:06 [INFO]    list                      lists all currently connected players
2010-12-01 06:35:06 [INFO]    say <message>             broadcasts a message to all players
2010-12-01 11:08:07 [INFO] pfox__ [/192.168.1.108:54556] logged in with entity id 1
2010-12-01 11:08:12 [WARNING] Can't keep up! Did the system time change, or is the server overloaded?
2010-12-01 11:08:42 [WARNING] Can't keep up! Did the system time change, or is the server overloaded?
2010-12-01 11:16:44 [INFO] pfox__ lost connection: Quitting
2010-12-02 22:58:07 [INFO] bik [/24.17.145.236:14711] logged in with entity id 5700
2010-12-02 23:00:35 [INFO] <bik> item wood 64
2010-12-02 23:01:47 [INFO] bik lost connection: Quitting
2010-12-02 23:06:25 [INFO] bik [/24.17.145.236:1188] logged in with entity id 7847
2010-12-02 23:29:32 [INFO] bik lost connection: Timed out
2010-12-02 23:33:13 [INFO] bik [/24.17.145.236:1548] logged in with entity id 19231
2010-12-03 00:43:00 [INFO] bik lost connection: Quitting
2010-12-03 09:16:30 [WARNING] Can't keep up! Did the system time change, or is the server overloaded?
2010-12-03 10:53:38 [WARNING] Can't keep up! Did the system time change, or is the server overloaded?
2010-12-03 10:56:39 [WARNING] Can't keep up! Did the system time change, or is the server overloaded?
2010-12-03 10:59:39 [WARNING] Can't keep up! Did the system time change, or is the server overloaded?
2010-12-03 11:02:31 [WARNING] Can't keep up! Did the system time change, or is the server overloaded?
2010-12-03 11:05:47 [WARNING] Can't keep up! Did the system time change, or is the server overloaded?
2010-12-03 11:09:00 [WARNING] Can't keep up! Did the system time change, or is the server overloaded?
2010-12-03 11:12:10 [WARNING] Can't keep up! Did the system time change, or is the server overloaded?
2010-12-03 11:15:17 [WARNING] Can't keep up! Did the system time change, or is the server overloaded?
2010-12-03 11:18:22 [WARNING] Can't keep up! Did the system time change, or is the server overloaded?
2010-12-03 11:21:26 [WARNING] Can't keep up! Did the system time change, or is the server overloaded?
2010-12-03 11:24:29 [WARNING] Can't keep up! Did the system time change, or is the server overloaded?
2010-12-03 11:27:31 [WARNING] Can't keep up! Did the system time change, or is the server overloaded?
2010-12-03 11:30:30 [WARNING] Can't keep up! Did the system time change, or is the server overloaded?
2010-12-03 11:33:28 [WARNING] Can't keep up! Did the system time change, or is the server overloaded?
2010-12-03 11:36:22 [WARNING] Can't keep up! Did the system time change, or is the server overloaded?
2010-12-03 11:39:12 [WARNING] Can't keep up! Did the system time change, or is the server overloaded?
2010-12-03 11:42:02 [WARNING] Can't keep up! Did the system time change, or is the server overloaded?
2010-12-03 11:44:50 [WARNING] Can't keep up! Did the system time change, or is the server overloaded?
2010-12-03 11:47:37 [WARNING] Can't keep up! Did the system time change, or is the server overloaded?
2010-12-03 11:50:22 [WARNING] Can't keep up! Did the system time change, or is the server overloaded?
2010-12-03 11:53:08 [WARNING] Can't keep up! Did the system time change, or is the server overloaded?
2010-12-03 11:55:50 [WARNING] Can't keep up! Did the system time change, or is the server overloaded?
2010-12-03 11:58:30 [WARNING] Can't keep up! Did the system time change, or is the server overloaded?
2010-12-03 12:01:08 [WARNING] Can't keep up! Did the system time change, or is the server overloaded?
2010-12-03 12:03:45 [WARNING] Can't keep up! Did the system time change, or is the server overloaded?
2010-12-03 12:06:21 [WARNING] Can't keep up! Did the system time change, or is the server overloaded?
2010-12-03 12:08:57 [WARNING] Can't keep up! Did the system time change, or is the server overloaded?
2010-12-03 12:11:29 [WARNING] Can't keep up! Did the system time change, or is the server overloaded?
2010-12-03 12:13:57 [WARNING] Can't keep up! Did the system time change, or is the server overloaded?
2010-12-03 12:16:23 [WARNING] Can't keep up! Did the system time change, or is the server overloaded?
2010-12-03 12:18:50 [WARNING] Can't keep up! Did the system time change, or is the server overloaded?
2010-12-03 12:21:15 [WARNING] Can't keep up! Did the system time change, or is the server overloaded?
2010-12-03 12:23:35 [WARNING] Can't keep up! Did the system time change, or is the server overloaded?
2010-12-03 12:25:57 [WARNING] Can't keep up! Did the system time change, or is the server overloaded?
2010-12-03 12:26:18 [INFO] CONSOLE: Stopping the server..
2010-12-03 12:26:18 [INFO] Stopping server
2010-12-03 12:26:18 [INFO] Saving chunks
