2010-12-16 20:17:09 [INFO] Starting minecraft server version 0.2.8
2010-12-16 20:17:09 [INFO] Loading properties
2010-12-16 20:17:09 [INFO] Starting Minecraft server on *:25565
2010-12-16 20:17:09 [INFO] Note: your current classpath is: Minecraft_Mod.jar
2010-12-16 20:17:09 [INFO] Hey0 Server Mod Build 131
2010-12-16 20:17:09 [INFO] Preparing level "world"
2010-12-16 20:17:09 [INFO] Preparing start region
2010-12-16 20:17:10 [INFO] Done! For help, type "help" or "?"
2010-12-16 20:17:14 [WARNING] Can't keep up! Did the system time change, or is the server overloaded?
2010-12-16 20:17:30 [INFO] pfox__ [/192.168.1.108:45784] logged in with entity id 100
2010-12-16 20:20:45 [WARNING] Can't keep up! Did the system time change, or is the server overloaded?
2010-12-16 20:21:14 [WARNING] Can't keep up! Did the system time change, or is the server overloaded?
2010-12-16 20:29:57 [INFO] amadday [/75.172.67.109:57307] logged in with entity id 6432
2010-12-16 20:40:19 [INFO] bik [/24.17.145.236:1144] logged in with entity id 16021
2010-12-16 20:40:29 [INFO] <pfox__> soup
2010-12-16 20:40:34 [INFO] <bik> hey man
2010-12-16 20:40:39 [INFO] <pfox__> how's the lag
2010-12-16 20:43:22 [INFO] <bik> bad when I turn the render distance up
2010-12-16 20:43:34 [INFO] <bik> thanks for the tnt jake I'm gonna show heidi what it does
2010-12-16 20:43:45 [INFO] <pfox__> lemme watch
2010-12-16 20:43:48 [INFO] pfox__ teleported to bik
2010-12-16 20:44:19 [INFO] <pfox__> where you goin
2010-12-16 20:44:32 [INFO] <pfox__> huh daylight zombie
2010-12-16 20:44:44 [INFO] <bik> he's in thwater, can't catch on fie
2010-12-16 20:44:48 [INFO] <bik> fie
2010-12-16 20:44:50 [INFO] <bik> fire
2010-12-16 20:45:50 [INFO] <pfox__> are you gonna blow that tnt up?
2010-12-16 20:46:49 [INFO] pfox__ teleported bik to their self.
2010-12-16 20:47:16 [INFO] pfox__ teleported to bik
2010-12-16 20:47:33 [INFO] <bik> need health
2010-12-16 20:47:37 [INFO] <pfox__> look at me
2010-12-16 20:47:40 [INFO] <pfox__> see the golden apple?
2010-12-16 20:47:52 [INFO] <bik> thanks :)
2010-12-16 20:48:06 [INFO] <bik> where do you get those fuckin things
2010-12-16 20:48:06 [INFO] <pfox__> np.. wanna see my dome so far? its about halfway done
2010-12-16 20:48:11 [INFO] <bik> I can't find apples
2010-12-16 20:48:13 [INFO] <pfox__> from my admin bag
2010-12-16 20:48:20 [INFO] <pfox__> yeah i don't think you can get apples in smp
2010-12-16 20:48:20 [INFO] <bik> yeah warp me there
2010-12-16 20:48:23 [INFO] <pfox__> k
2010-12-16 20:48:34 [INFO] pfox__ teleported bik to their self.
2010-12-16 20:48:57 [INFO] pfox__ teleported bik to their self.
2010-12-16 20:49:00 [INFO] <bik> smaller than I expected
2010-12-16 20:49:13 [INFO] <pfox__> yeah it's gonna have a finished diameter of ~20 blocks
2010-12-16 20:49:23 [INFO] <pfox__> not huge
2010-12-16 20:49:28 [INFO] <pfox__> but a lot of fuckin work..
2010-12-16 20:49:40 [INFO] <pfox__> dug all the dirt and made all the glass myself
2010-12-16 20:49:46 [INFO] <pfox__> ive been working on it since like sunday
2010-12-16 20:50:06 [INFO] bik [/24.17.145.236:1322] logged in with entity id 24193
2010-12-16 20:50:26 [INFO] bik lost connection: Internal exception: java.net.SocketException: Connection reset
2010-12-16 20:50:31 [INFO] bik lost connection: Timed out
2010-12-16 20:51:04 [INFO] bik [/24.17.145.236:1378] logged in with entity id 24907
2010-12-16 20:51:11 [INFO] <bik> sry internet went down
2010-12-16 20:51:26 [INFO] <bik> do me a favo and make me a spawn point at my big castle?
2010-12-16 20:51:38 [INFO] <pfox__> you mean your new one?
2010-12-16 20:51:41 [INFO] <bik> yeah
2010-12-16 20:51:43 [INFO] <pfox__> i already did
2010-12-16 20:51:47 [INFO] <bik> what's it called?
2010-12-16 20:51:47 [INFO] <pfox__> ./warp aidstown
2010-12-16 21:00:14 [INFO] <amadday> fags
2010-12-16 21:00:18 [INFO] <bik> fag
2010-12-16 21:00:24 [INFO] <pfox__> no u
2010-12-16 21:04:54 [INFO] <amadday> i missin shit
2010-12-16 21:05:04 [INFO] <amadday> my iron is gone
2010-12-16 21:05:10 [INFO] <amadday> and coal
2010-12-16 21:05:32 [INFO] <pfox__> that sucks
2010-12-16 21:08:43 [INFO] <amadday> i had a 64 stack of iron chillin in my box for days now its gone wtf
2010-12-16 21:08:57 [INFO] <pfox__> wasnt me
2010-12-16 21:09:00 [INFO] <pfox__> ask mike?
2010-12-16 21:09:03 [INFO] <bik> I ain't been on
2010-12-16 21:09:11 [INFO] <pfox__> if it wasnt mike, then maybe its a bug
2010-12-16 21:09:14 [INFO] <pfox__> this is alpha software, after all
2010-12-16 21:11:59 [INFO] <pfox__> afk
2010-12-16 21:30:08 [INFO] <bik> smoke some for ya doggs
2010-12-16 21:32:03 [INFO] <bik> thanks for the loot jake
2010-12-16 21:32:09 [INFO] <amadday> dude
2010-12-16 21:32:12 [INFO] <bik> now find your own fuckin mine
2010-12-16 21:32:28 [INFO] <amadday> gimmie my shit
2010-12-16 21:32:36 [INFO] <bik> piss off you killed me
2010-12-16 21:33:01 [INFO] <amadday> just jokin around
2010-12-16 21:33:12 [INFO] <bik> too bad for you
2010-12-16 21:33:29 [INFO] <amadday> wtf
2010-12-16 21:34:01 [INFO] <bik> there ya go
2010-12-16 21:34:15 [INFO] <bik> :P
2010-12-16 21:35:13 [INFO] amadday lost connection: Timed out
2010-12-16 21:35:21 [INFO] <bik> fag
2010-12-16 21:35:54 [INFO] <bik> PROTIP: Don't kill someone at their home at the same time they kill you
2010-12-16 21:47:12 [INFO] <pfox__> derp derp derp
2010-12-16 21:49:51 [WARNING] Can't keep up! Did the system time change, or is the server overloaded?
2010-12-16 21:59:09 [INFO] <pfox__> dude
2010-12-16 21:59:15 [INFO] <bik> sup
2010-12-16 21:59:19 [INFO] <pfox__> i just found a crazy vertical mine shaft
2010-12-16 21:59:29 [INFO] <bik> nce
2010-12-16 21:59:31 [INFO] <bik> nice
2010-12-16 22:23:18 [WARNING] Can't keep up! Did the system time change, or is the server overloaded?
2010-12-16 22:23:37 [WARNING] Can't keep up! Did the system time change, or is the server overloaded?
2010-12-16 22:39:01 [INFO] <bik> smokin
2010-12-16 22:47:19 [INFO] <pfox__> night
2010-12-16 22:47:22 [INFO] pfox__ lost connection: Quitting
2010-12-17 01:31:48 [INFO] bik lost connection: Quitting
2010-12-17 16:40:36 [INFO] pfox__ [/192.168.1.108:40612] logged in with entity id 237205
2010-12-17 16:40:41 [WARNING] Can't keep up! Did the system time change, or is the server overloaded?
2010-12-17 16:43:16 [INFO] Giving pfox__ some 35
2010-12-17 19:49:06 [INFO] bik [/24.17.145.236:14322] logged in with entity id 328196
2010-12-17 19:49:08 [WARNING] Can't keep up! Did the system time change, or is the server overloaded?
2010-12-17 19:49:15 [INFO] <bik> fag
2010-12-17 19:58:12 [INFO] <pfox__> don't be so down on yourself
2010-12-17 19:59:54 [INFO] bik lost connection: Quitting
2010-12-17 20:15:39 [INFO] /24.17.145.236:50748 lost connection
2010-12-17 23:12:50 [INFO] bik [/24.17.145.236:16564] logged in with entity id 421741
2010-12-17 23:12:53 [WARNING] Can't keep up! Did the system time change, or is the server overloaded?
2010-12-17 23:13:01 [INFO] <bik> dude
2010-12-17 23:13:16 [INFO] <bik> Carl is over with his lappy buying MC as we speak
2010-12-17 23:14:42 [INFO] <bik> akyouser
2010-12-17 23:35:51 [INFO] Disconnecting akyouser [/24.17.145.236:51475]: Not on whitelist.
2010-12-18 00:21:41 [INFO] moshea [/98.237.174.163:13410] logged in with entity id 497703
2010-12-18 00:21:47 [WARNING] Can't keep up! Did the system time change, or is the server overloaded?
2010-12-18 00:22:06 [INFO] <moshea> hi ho hi ho
2010-12-18 00:22:11 [INFO] <bik> sup
2010-12-18 00:22:17 [INFO] <bik> carl got minecraft
2010-12-18 00:22:28 [INFO] <bik> jeff isn't responding to whitelist him
2010-12-18 00:22:46 [INFO] <moshea> must be snoozing on his keyboard
2010-12-18 01:27:46 [INFO] bik lost connection: Quitting
2010-12-18 01:30:53 [WARNING] Can't keep up! Did the system time change, or is the server overloaded?
2010-12-18 01:31:09 [INFO] moshea lost connection: Quitting
2010-12-18 06:20:21 [INFO] CONSOLE: Stopping the server..
2010-12-18 06:20:21 [INFO] Stopping server
2010-12-18 06:20:21 [INFO] Saving chunks
