2010-12-22 13:44:13 [INFO] Starting minecraft server version Beta 1.1_02
2010-12-22 13:44:13 [INFO] Loading properties
2010-12-22 13:44:13 [INFO] Starting Minecraft server on *:25565
2010-12-22 13:44:13 [INFO] Note: your current classpath is: {0}
2010-12-22 13:44:13 [INFO] hMod Build Information: {0}
2010-12-22 13:44:13 [INFO] Preparing level "world"
2010-12-22 13:44:13 [INFO] Preparing start region
2010-12-22 13:44:14 [INFO] Done! For help, type "help" or "?"
2010-12-22 13:44:18 [WARNING] Can't keep up! Did the system time change, or is the server overloaded?
2010-12-22 13:44:38 [INFO] bik [/24.17.145.236:42231] logged in with entity id 138
2010-12-22 13:44:52 [INFO] [CONSOLE] my bad
2010-12-22 13:45:20 [INFO] [CONSOLE] ????????????????????????
2010-12-22 13:45:32 [INFO] <bik> eh?
2010-12-22 13:45:49 [INFO] [CONSOLE] ok..
2010-12-22 13:45:58 [INFO] [CONSOLE] what was fucked up was that i couldnt see what you were sayingv
2010-12-22 13:46:03 [INFO] [CONSOLE] and thats why i had to update
2010-12-22 13:46:18 [INFO] [CONSOLE] anywho. you're a faggot. carry on.
2010-12-22 14:00:54 [WARNING] Can't keep up! Did the system time change, or is the server overloaded?
2010-12-22 14:00:58 [WARNING] Failed to handle packet: java.lang.NullPointerException
java.lang.NullPointerException
	at fi.a(fi.java:276)
	at fk.a(SourceFile:24)
	at kw.a(SourceFile:112)
	at kk.a(kk.java:411)
	at gt.a(SourceFile:57)
	at bs.a(SourceFile:232)
	at kk.a(kk.java:60)
	at eh.a(eh.java:71)
	at net.minecraft.server.MinecraftServer.h(SourceFile:275)
	at net.minecraft.server.MinecraftServer.run(SourceFile:216)
	at cj.run(SourceFile:490)
2010-12-22 14:01:27 [INFO] bik [/24.17.145.236:42479] logged in with entity id 12203
2010-12-22 14:01:32 [WARNING] Failed to handle packet: java.lang.NullPointerException
java.lang.NullPointerException
	at fi.a(fi.java:276)
	at fk.a(SourceFile:24)
	at kw.a(SourceFile:112)
	at kk.a(kk.java:411)
	at gt.a(SourceFile:57)
	at bs.a(SourceFile:232)
	at kk.a(kk.java:60)
	at eh.a(eh.java:71)
	at net.minecraft.server.MinecraftServer.h(SourceFile:275)
	at net.minecraft.server.MinecraftServer.run(SourceFile:216)
	at cj.run(SourceFile:490)
2010-12-22 14:02:39 [INFO] bik [/24.17.145.236:42500] logged in with entity id 12315
2010-12-22 14:03:55 [WARNING] Failed to handle packet: java.lang.NullPointerException
java.lang.NullPointerException
	at fi.a(fi.java:276)
	at fk.a(SourceFile:24)
	at kw.a(SourceFile:112)
	at kk.a(kk.java:411)
	at gt.a(SourceFile:57)
	at bs.a(SourceFile:232)
	at kk.a(kk.java:60)
	at eh.a(eh.java:71)
	at net.minecraft.server.MinecraftServer.h(SourceFile:275)
	at net.minecraft.server.MinecraftServer.run(SourceFile:216)
	at cj.run(SourceFile:490)
2010-12-22 14:34:34 [INFO] [CONSOLE] huh why;d you get logged off?
2010-12-22 14:34:56 [INFO] [CONSOLE] im seeing a bunch of errors in tthe console
2010-12-22 15:05:27 [INFO] Unknown console command. Type "help" for help.
2010-12-22 15:05:29 [INFO] Server mod help:
2010-12-22 15:05:29 [INFO] help          Displays this mod's and server's help
2010-12-22 15:05:29 [INFO] mod-help      Displays this mod's help
2010-12-22 15:05:29 [INFO] version       Displays the server version
2010-12-22 15:05:29 [INFO] reload        Reloads the config
2010-12-22 15:05:29 [INFO] modify        Type modify for more info
2010-12-22 15:05:29 [INFO] whitelist     Type whitelist for more info
2010-12-22 15:05:29 [INFO] reservelist   Type reservelist for more info
2010-12-22 15:05:29 [INFO] listplugins   Lists all plugins
2010-12-22 15:05:29 [INFO] enableplugin  Enables a plugin
2010-12-22 15:05:29 [INFO] disableplugin Disables a plugin
2010-12-22 15:05:29 [INFO] reloadplugin  Reloads a plugin
2010-12-22 15:05:29 [INFO] To run the server without a gui, start it like this:
2010-12-22 15:05:29 [INFO]    java -Xmx1024M -Xms1024M -jar minecraft_server.jar nogui
2010-12-22 15:05:29 [INFO] Console commands:
2010-12-22 15:05:29 [INFO]    help  or  ?               shows this message
2010-12-22 15:05:29 [INFO]    kick <player>             removes a player from the server
2010-12-22 15:05:29 [INFO]    ban <player>              bans a player from the server
2010-12-22 15:05:29 [INFO]    pardon <player>           pardons a banned player so that they can connect again
2010-12-22 15:05:29 [INFO]    ban-ip <ip>               bans an IP address from the server
2010-12-22 15:05:29 [INFO]    pardon-ip <ip>            pardons a banned IP address so that they can connect again
2010-12-22 15:05:29 [INFO]    op <player>               turns a player into an op
2010-12-22 15:05:29 [INFO]    deop <player>             removes op status from a player
2010-12-22 15:05:29 [INFO]    tp <player1> <player2>    moves one player to the same location as another player
2010-12-22 15:05:29 [INFO]    give <player> <id> [num]  gives a player a resource
2010-12-22 15:05:29 [INFO]    tell <player> <message>   sends a private message to a player
2010-12-22 15:05:29 [INFO]    stop                      gracefully stops the server
2010-12-22 15:05:29 [INFO]    save-all                  forces a server-wide level save
2010-12-22 15:05:29 [INFO]    save-off                  disables terrain saving (useful for backup scripts)
2010-12-22 15:05:29 [INFO]    save-on                   re-enables terrain saving
2010-12-22 15:05:29 [INFO]    list                      lists all currently connected players
2010-12-22 15:05:29 [INFO]    say <message>             broadcasts a message to all players
2010-12-22 15:37:59 [INFO] pfox__ [/192.168.1.108:57103] logged in with entity id 13338
2010-12-22 15:38:03 [WARNING] Can't keep up! Did the system time change, or is the server overloaded?
2010-12-22 15:38:52 [WARNING] Failed to handle packet: java.lang.NullPointerException
java.lang.NullPointerException
	at fi.a(fi.java:276)
	at fk.a(SourceFile:24)
	at kw.a(SourceFile:112)
	at kk.a(kk.java:411)
	at gt.a(SourceFile:57)
	at bs.a(SourceFile:232)
	at kk.a(kk.java:60)
	at eh.a(eh.java:71)
	at net.minecraft.server.MinecraftServer.h(SourceFile:275)
	at net.minecraft.server.MinecraftServer.run(SourceFile:216)
	at cj.run(SourceFile:490)
2010-12-22 15:56:20 [INFO] CONSOLE: Stopping the server..
2010-12-22 15:56:20 [INFO] Stopping server
2010-12-22 15:56:20 [INFO] Saving chunks
