2010-12-23 14:10:49 [INFO] Starting minecraft server version Beta 1.1_02
2010-12-23 14:10:49 [INFO] Loading properties
2010-12-23 14:10:49 [INFO] Starting Minecraft server on *:25565
2010-12-23 14:10:50 [INFO] Note: your current classpath is: Minecraft_Mod.jar
2010-12-23 14:10:50 [INFO] hMod Build Information: Undefined version
2010-12-23 14:10:50 [INFO] Preparing level "world"
2010-12-23 14:10:50 [INFO] Preparing start region
2010-12-23 14:10:51 [INFO] Done! For help, type "help" or "?"
2010-12-23 14:10:54 [WARNING] Can't keep up! Did the system time change, or is the server overloaded?
2010-12-23 18:57:16 [INFO] moshea [/98.237.174.163:5801] logged in with entity id 151
2010-12-23 18:57:20 [WARNING] Can't keep up! Did the system time change, or is the server overloaded?
2010-12-23 19:15:58 [WARNING] Can't keep up! Did the system time change, or is the server overloaded?
2010-12-23 19:37:32 [INFO] moshea lost connection: disconnect.timeout
2010-12-23 19:37:58 [INFO] moshea [/98.237.174.163:3499] logged in with entity id 33974
2010-12-23 19:38:02 [WARNING] Can't keep up! Did the system time change, or is the server overloaded?
2010-12-23 19:41:11 [WARNING] Can't keep up! Did the system time change, or is the server overloaded?
2010-12-23 19:44:39 [WARNING] Can't keep up! Did the system time change, or is the server overloaded?
2010-12-23 19:50:10 [WARNING] Can't keep up! Did the system time change, or is the server overloaded?
2010-12-23 19:56:37 [WARNING] Can't keep up! Did the system time change, or is the server overloaded?
2010-12-23 19:56:57 [INFO] <moshea> found limit to how far can fall?
2010-12-23 19:57:20 [INFO] moshea lost connection: disconnect.quitting
2010-12-23 20:30:38 [INFO] bik [/24.17.145.236:62778] logged in with entity id 51177
2010-12-23 20:30:40 [WARNING] Can't keep up! Did the system time change, or is the server overloaded?
2010-12-23 20:57:10 [WARNING] Can't keep up! Did the system time change, or is the server overloaded?
2010-12-23 21:23:00 [INFO] [CONSOLE] soup
2010-12-23 21:23:04 [INFO] <bik> sup
2010-12-23 21:23:10 [INFO] <bik> workin on the castle
2010-12-23 21:23:14 [INFO] <bik> 2 parapets done
2010-12-23 21:23:47 [INFO] [CONSOLE] dope. i might hop on in a bit
2010-12-23 21:24:04 [INFO] [CONSOLE] been working on kerra's xmas present
2010-12-23 21:24:18 [INFO] [CONSOLE] wrote a web-app for us to plan meals for the week
2010-12-23 21:24:26 [INFO] [CONSOLE] we always write it down on a piece of paper and then lose it, heh
2010-12-23 21:30:48 [INFO] pfox__ [/192.168.1.108:43450] logged in with entity id 95645
2010-12-23 21:30:53 [WARNING] Can't keep up! Did the system time change, or is the server overloaded?
2010-12-23 21:32:01 [INFO] <bik> home
2010-12-23 21:32:09 [WARNING] Can't keep up! Did the system time change, or is the server overloaded?
2010-12-23 21:49:13 [INFO] <pfox__> fuck
2010-12-23 21:49:36 [INFO] <pfox__> scott, wanna come kill some mobs w/ me?
2010-12-23 21:49:40 [INFO] <pfox__> they invaded my crib
2010-12-23 21:51:41 [INFO] <bik> hook me up with some apples
2010-12-23 21:51:46 [INFO] <pfox__> k
2010-12-23 21:51:54 [INFO] pfox__ teleported bik to their self.
2010-12-23 21:52:10 [INFO] <pfox__> alright, lemme know when uready
2010-12-23 21:52:16 [INFO] <pfox__> we're goin straight into the shit
2010-12-23 21:52:32 [INFO] <pfox__> im gonna warp us.. as soon as you get there.. fight
2010-12-23 21:52:32 [INFO] <bik> go
2010-12-23 21:52:34 [INFO] <pfox__> k?
2010-12-23 21:52:44 [INFO] pfox__ teleported bik to their self.
2010-12-23 21:53:07 [INFO] <pfox__> drop torches newhere dark
2010-12-23 21:53:25 [INFO] <pfox__> huh, interesting
2010-12-23 21:53:31 [INFO] <pfox__> last time i warped in
2010-12-23 21:53:36 [INFO] <pfox__> there were two spiders and a skeleton
2010-12-23 21:53:45 [INFO] <bik> you couldn't handle that shit?
2010-12-23 21:53:55 [INFO] <pfox__> i was caught off guard w/ low health
2010-12-23 21:53:55 [WARNING] Can't keep up! Did the system time change, or is the server overloaded?
2010-12-23 21:54:00 [INFO] <pfox__> i warped out then hit you up
2010-12-23 21:54:34 [INFO] <pfox__> where r u
2010-12-23 21:54:47 [INFO] <bik> warped home
2010-12-23 21:55:37 [INFO] <bik> finally found a red mushroom
2010-12-23 21:56:11 [INFO] <pfox__> i bet you did
2010-12-23 21:56:36 [INFO] <bik> did you see I got 2 parapets done?
2010-12-23 21:56:45 [INFO] <pfox__> no ill be by in a few to check it out
2010-12-23 21:56:54 [INFO] <bik> I'm gonna go smoke
2010-12-23 22:10:42 [INFO] Giving pfox__ some 46
2010-12-23 22:11:37 [WARNING] Can't keep up! Did the system time change, or is the server overloaded?
2010-12-23 22:12:32 [INFO] <bik> all right fagot it's on
2010-12-23 22:12:55 [INFO] <pfox__> i know that was lame of me
2010-12-23 22:13:02 [INFO] <pfox__> did you ignite it yet
2010-12-23 22:13:11 [INFO] <bik> you're gonna get mad when I get my revenge
2010-12-23 22:13:19 [INFO] <bik> you should not have done that
2010-12-23 22:13:19 [INFO] <pfox__> did you ignite it yet?
2010-12-23 22:13:45 [INFO] <bik> asshole
2010-12-23 22:13:53 [INFO] <pfox__> answer my question nar-nar
2010-12-23 22:14:00 [INFO] pfox__ teleported to bik
2010-12-23 22:14:08 [INFO] <pfox__> deee-yam
2010-12-23 22:14:11 [INFO] <pfox__> you should waited
2010-12-23 22:14:16 [INFO] <pfox__> i can delete the blocks
2010-12-23 22:14:19 [INFO] <pfox__> hence my question
2010-12-23 22:14:26 [INFO] <pfox__> i know.. i should've ported you out
2010-12-23 22:14:31 [INFO] <pfox__> and built the tnt around you there
2010-12-23 22:15:02 [INFO] <pfox__> got a nice little kind of waterfall effect, there
2010-12-23 22:17:53 [WARNING] Can't keep up! Did the system time change, or is the server overloaded?
2010-12-23 22:18:11 [INFO] pfox__ lost connection: disconnect.quitting
2010-12-23 22:45:55 [INFO] akyouser [/131.191.32.200:49321] logged in with entity id 182636
2010-12-23 22:45:58 [WARNING] Can't keep up! Did the system time change, or is the server overloaded?
2010-12-23 22:45:59 [INFO] <bik> fag
2010-12-23 22:51:56 [INFO] <akyouser> sup yo
2010-12-23 23:01:46 [INFO] amadday [/75.172.77.252:49960] logged in with entity id 201129
2010-12-23 23:01:53 [INFO] <bik> fag
2010-12-23 23:02:01 [INFO] <amadday> fag
2010-12-23 23:02:14 [INFO] <bik> jeff loaded a bunch of tnt and blew the fuck out of my castle
2010-12-23 23:02:23 [INFO] <amadday> lol
2010-12-23 23:02:34 [INFO] <amadday> y would he do that
2010-12-23 23:04:42 [INFO] <amadday> LLOL
2010-12-23 23:04:48 [INFO] <bik> you should have seen it
2010-12-23 23:04:57 [INFO] <bik> I been fixing for over an hour
2010-12-23 23:05:33 [INFO] <bik> our group project shoud be a roller coaster
2010-12-23 23:05:45 [INFO] <amadday> nah
2010-12-23 23:06:32 [INFO] <amadday> lets flood his little underwater thing
2010-12-23 23:06:40 [INFO] <bik> OK
2010-12-23 23:06:57 [INFO] <amadday> what u got on there scooter
2010-12-23 23:07:10 [INFO] <bik> what the fuck
2010-12-23 23:07:18 [INFO] <amadday> did u let him in
2010-12-23 23:07:49 [INFO] <akyouser> what a dick
2010-12-23 23:07:56 [INFO] <amadday> is that a cape u got on?
2010-12-23 23:08:21 [INFO] <amadday> oh i got one 2
2010-12-23 23:08:56 [WARNING] Can't keep up! Did the system time change, or is the server overloaded?
2010-12-23 23:10:15 [INFO] <amadday> u should connect to mikers bridge
2010-12-23 23:11:48 [INFO] <amadday> u got acreeper down there
2010-12-23 23:12:39 [INFO] <bik> did you take my apple
2010-12-23 23:12:45 [INFO] <amadday> no
2010-12-23 23:13:01 [WARNING] Can't keep up! Did the system time change, or is the server overloaded?
2010-12-23 23:13:03 [INFO] <bik> OK let's do this
2010-12-23 23:13:11 [INFO] <amadday> lol
2010-12-23 23:13:18 [INFO] <amadday> wait
2010-12-23 23:13:26 [INFO] <amadday> im almost dead
2010-12-23 23:13:26 [INFO] <bik> it's getting dark
2010-12-23 23:14:32 [INFO] <bik> this is his shit right?
2010-12-23 23:14:37 [INFO] <amadday> yep
2010-12-23 23:15:08 [INFO] <amadday> it didnt work
2010-12-23 23:15:36 [INFO] <amadday> dont pick up my shit
2010-12-23 23:17:28 [INFO] <amadday> just bust a hole in the top
2010-12-23 23:17:37 [INFO] <amadday> lol
2010-12-23 23:18:02 [INFO] <amadday> lol thats an easy fix tho
2010-12-23 23:19:50 [INFO] <akyouser> you guys trying to flood the dome?
2010-12-23 23:19:57 [INFO] <amadday> yes
2010-12-23 23:20:06 [INFO] <bik> not trying
2010-12-23 23:20:07 [INFO] <akyouser> you should tnt the fuck out of it
2010-12-23 23:20:22 [INFO] <akyouser> or better yet don't detonate it
2010-12-23 23:20:35 [INFO] <akyouser> just set it all around there
2010-12-23 23:22:12 [INFO] <akyouser> whered you get a cape?
2010-12-23 23:22:24 [INFO] <amadday> lol u have 1 2
2010-12-23 23:22:24 [WARNING] Can't keep up! Did the system time change, or is the server overloaded?
2010-12-23 23:22:31 [INFO] <akyouser> weird lol
2010-12-23 23:57:58 [WARNING] Can't keep up! Did the system time change, or is the server overloaded?
2010-12-24 00:01:09 [WARNING] Can't keep up! Did the system time change, or is the server overloaded?
2010-12-24 00:01:15 [INFO] amadday lost connection: disconnect.timeout
2010-12-24 00:04:12 [WARNING] Can't keep up! Did the system time change, or is the server overloaded?
2010-12-24 00:05:16 [WARNING] Can't keep up! Did the system time change, or is the server overloaded?
2010-12-24 00:06:42 [WARNING] Can't keep up! Did the system time change, or is the server overloaded?
2010-12-24 00:07:08 [WARNING] Can't keep up! Did the system time change, or is the server overloaded?
2010-12-24 00:28:56 [WARNING] Can't keep up! Did the system time change, or is the server overloaded?
2010-12-24 00:36:45 [WARNING] Can't keep up! Did the system time change, or is the server overloaded?
2010-12-24 00:38:21 [WARNING] Can't keep up! Did the system time change, or is the server overloaded?
2010-12-24 00:45:33 [INFO] <bik> brb smokin
2010-12-24 00:45:40 [INFO] <bik> the parapets will be done tonight
2010-12-24 00:45:50 [INFO] <bik> I can then start my shrine to myself
2010-12-24 00:50:43 [WARNING] Can't keep up! Did the system time change, or is the server overloaded?
2010-12-24 00:51:48 [INFO] bik lost connection: disconnect.timeout
2010-12-24 00:53:49 [WARNING] Can't keep up! Did the system time change, or is the server overloaded?
2010-12-24 00:53:58 [WARNING] Can't keep up! Did the system time change, or is the server overloaded?
2010-12-24 00:55:37 [WARNING] Can't keep up! Did the system time change, or is the server overloaded?
2010-12-24 00:55:45 [WARNING] Can't keep up! Did the system time change, or is the server overloaded?
2010-12-24 01:02:18 [WARNING] Can't keep up! Did the system time change, or is the server overloaded?
2010-12-24 01:02:25 [WARNING] Can't keep up! Did the system time change, or is the server overloaded?
2010-12-24 01:07:40 [WARNING] Can't keep up! Did the system time change, or is the server overloaded?
2010-12-24 01:07:48 [WARNING] Can't keep up! Did the system time change, or is the server overloaded?
2010-12-24 01:29:26 [WARNING] Can't keep up! Did the system time change, or is the server overloaded?
2010-12-24 01:32:21 [INFO] bik [/24.17.145.236:1460] logged in with entity id 374995
2010-12-24 01:36:47 [INFO] <bik> damn you still up at it?
2010-12-24 01:52:18 [INFO] <akyouser> just about to call 'er quits
2010-12-24 01:52:48 [INFO] <bik> I'm gonna keep going till my eyes fall out
2010-12-24 01:57:09 [INFO] <akyouser> lol mine almost are
2010-12-24 01:57:14 [INFO] <akyouser> later mang
2010-12-24 01:57:18 [INFO] <bik> peace
2010-12-24 01:57:25 [INFO] akyouser lost connection: disconnect.quitting
2010-12-24 02:29:08 [INFO] bik lost connection: disconnect.quitting
2010-12-24 11:29:37 [INFO] akyouser [/131.191.32.200:49325] logged in with entity id 427769
2010-12-24 11:29:41 [WARNING] Can't keep up! Did the system time change, or is the server overloaded?
2010-12-24 12:06:47 [WARNING] Can't keep up! Did the system time change, or is the server overloaded?
2010-12-24 12:07:01 [WARNING] Can't keep up! Did the system time change, or is the server overloaded?
2010-12-24 12:09:36 [WARNING] Can't keep up! Did the system time change, or is the server overloaded?
2010-12-24 12:09:44 [WARNING] Can't keep up! Did the system time change, or is the server overloaded?
2010-12-24 12:09:51 [INFO] akyouser lost connection: disconnect.quitting
2010-12-24 12:35:30 [INFO] tychos [/24.17.145.236:49750] logged in with entity id 454002
2010-12-24 12:35:31 [INFO] tychos lost connection: disconnect.endOfStream
2010-12-24 12:35:31 [INFO] tychos lost connection: disconnect.endOfStream
2010-12-24 12:35:35 [INFO] tychos [/24.17.145.236:49755] logged in with entity id 454006
2010-12-24 12:58:03 [INFO] tychos lost connection: disconnect.quitting
2010-12-24 14:25:12 [INFO] amadday [/98.225.2.13:1713] logged in with entity id 471899
2010-12-24 14:25:15 [WARNING] Can't keep up! Did the system time change, or is the server overloaded?
2010-12-24 14:37:55 [INFO] tychos [/24.17.145.236:49368] logged in with entity id 479959
2010-12-24 14:37:57 [WARNING] Can't keep up! Did the system time change, or is the server overloaded?
2010-12-24 14:54:40 [INFO] tychos lost connection: disconnect.quitting
2010-12-24 15:11:34 [INFO] tychos [/24.17.145.236:49185] logged in with entity id 512105
2010-12-24 15:12:28 [INFO] <tychos> home
2010-12-24 15:17:07 [INFO] tychos lost connection: disconnect.quitting
2010-12-24 15:30:13 [WARNING] Can't keep up! Did the system time change, or is the server overloaded?
2010-12-24 15:38:40 [WARNING] Can't keep up! Did the system time change, or is the server overloaded?
2010-12-24 15:38:46 [WARNING] Can't keep up! Did the system time change, or is the server overloaded?
2010-12-24 16:12:09 [INFO] amadday lost connection: disconnect.quitting
2010-12-24 16:12:14 [INFO] amadday [/98.225.2.13:1800] logged in with entity id 560129
2010-12-24 16:22:24 [WARNING] Can't keep up! Did the system time change, or is the server overloaded?
2010-12-24 16:31:11 [WARNING] Can't keep up! Did the system time change, or is the server overloaded?
2010-12-24 16:37:25 [INFO] amadday lost connection: disconnect.quitting
2010-12-24 16:39:33 [INFO] amadday [/98.225.2.13:1817] logged in with entity id 581095
2010-12-24 16:39:36 [WARNING] Can't keep up! Did the system time change, or is the server overloaded?
2010-12-24 16:39:57 [WARNING] Can't keep up! Did the system time change, or is the server overloaded?
2010-12-24 16:41:45 [INFO] <amadday> hiiiii tycho!its stefan
2010-12-24 16:42:09 [WARNING] Can't keep up! Did the system time change, or is the server overloaded?
2010-12-24 16:42:21 [WARNING] Can't keep up! Did the system time change, or is the server overloaded?
2010-12-24 16:50:51 [WARNING] Can't keep up! Did the system time change, or is the server overloaded?
2010-12-24 16:51:44 [WARNING] Can't keep up! Did the system time change, or is the server overloaded?
2010-12-24 16:52:16 [INFO] amadday lost connection: disconnect.quitting
2010-12-24 20:54:16 [INFO] akyouser [/131.191.32.200:49191] logged in with entity id 592249
2010-12-24 20:54:20 [WARNING] Can't keep up! Did the system time change, or is the server overloaded?
2010-12-24 20:54:47 [INFO] akyouser lost connection: disconnect.quitting
2010-12-24 21:45:15 [INFO] bik [/24.17.145.236:14240] logged in with entity id 592639
2010-12-24 22:09:22 [INFO] <bik> .
2010-12-24 22:20:10 [INFO] bik lost connection: disconnect.quitting
2010-12-25 09:58:35 [INFO] amadday [/98.225.2.13:1075] logged in with entity id 618644
2010-12-25 09:58:38 [WARNING] Can't keep up! Did the system time change, or is the server overloaded?
2010-12-25 09:59:24 [INFO] amadday lost connection: disconnect.genericReason
2010-12-25 12:25:24 [INFO] tychos [/24.17.145.236:49646] logged in with entity id 619465
2010-12-25 12:25:28 [WARNING] Can't keep up! Did the system time change, or is the server overloaded?
2010-12-25 12:29:37 [WARNING] Can't keep up! Did the system time change, or is the server overloaded?
2010-12-25 12:32:18 [INFO] tychos lost connection: disconnect.quitting
2010-12-25 13:20:08 [INFO] /24.17.145.236:49886 lost connection
2010-12-25 13:20:12 [INFO] /24.17.145.236:49888 lost connection
2010-12-25 15:13:35 [INFO] /24.17.145.236:49162 lost connection
2010-12-25 15:14:02 [INFO] tychos [/24.17.145.236:49188] logged in with entity id 624502
2010-12-25 15:23:31 [INFO] tychos lost connection: disconnect.timeout
2010-12-25 16:11:21 [INFO] tychos [/24.17.145.236:49393] logged in with entity id 632568
2010-12-25 16:24:40 [INFO] tychos lost connection: disconnect.quitting
2010-12-25 16:25:54 [INFO] /24.17.145.236:49473 lost connection
2010-12-25 16:25:58 [INFO] tychos [/24.17.145.236:49475] logged in with entity id 644032
2010-12-25 16:31:20 [INFO] tychos lost connection: disconnect.quitting
2010-12-25 16:35:15 [INFO] tychos [/24.17.145.236:49529] logged in with entity id 647570
2010-12-25 16:35:18 [WARNING] Can't keep up! Did the system time change, or is the server overloaded?
2010-12-25 16:43:53 [INFO] tychos lost connection: disconnect.quitting
2010-12-25 17:24:28 [INFO] amadday [/75.172.77.252:51134] logged in with entity id 655683
2010-12-25 17:24:30 [WARNING] Can't keep up! Did the system time change, or is the server overloaded?
2010-12-25 18:04:18 [WARNING] Can't keep up! Did the system time change, or is the server overloaded?
2010-12-25 18:26:50 [INFO] tychos [/24.17.145.236:49670] logged in with entity id 700455
2010-12-25 18:26:53 [WARNING] Can't keep up! Did the system time change, or is the server overloaded?
2010-12-25 18:32:40 [INFO] <tychos> home
2010-12-25 18:37:43 [INFO] tychos lost connection: disconnect.quitting
2010-12-25 18:42:06 [INFO] <amadday> t/home
2010-12-25 18:42:14 [WARNING] Can't keep up! Did the system time change, or is the server overloaded?
2010-12-25 18:49:53 [WARNING] Can't keep up! Did the system time change, or is the server overloaded?
2010-12-25 18:49:57 [WARNING] Can't keep up! Did the system time change, or is the server overloaded?
2010-12-25 19:33:18 [WARNING] Can't keep up! Did the system time change, or is the server overloaded?
2010-12-25 19:34:23 [INFO] amadday lost connection: disconnect.timeout
2010-12-25 19:57:17 [INFO] amadday [/75.172.77.252:51296] logged in with entity id 755709
2010-12-25 19:57:20 [WARNING] Can't keep up! Did the system time change, or is the server overloaded?
2010-12-25 20:20:04 [INFO] tychos [/24.17.145.236:49170] logged in with entity id 771212
2010-12-25 20:20:07 [WARNING] Can't keep up! Did the system time change, or is the server overloaded?
2010-12-25 20:21:45 [INFO] tychos lost connection: disconnect.quitting
2010-12-25 20:34:17 [INFO] amadday lost connection: disconnect.timeout
2010-12-25 20:48:00 [INFO] tychos [/24.17.145.236:49349] logged in with entity id 782463
2010-12-25 20:48:04 [WARNING] Can't keep up! Did the system time change, or is the server overloaded?
2010-12-25 20:48:09 [WARNING] Can't keep up! Did the system time change, or is the server overloaded?
2010-12-25 20:48:51 [INFO] amadday [/75.172.77.252:51418] logged in with entity id 783283
2010-12-25 20:48:55 [WARNING] Can't keep up! Did the system time change, or is the server overloaded?
2010-12-25 20:56:01 [INFO] tychos lost connection: disconnect.quitting
2010-12-25 21:17:05 [INFO] amadday lost connection: disconnect.timeout
2010-12-25 21:22:39 [INFO] amadday [/75.172.77.252:51469] logged in with entity id 807955
2010-12-25 21:22:41 [WARNING] Can't keep up! Did the system time change, or is the server overloaded?
2010-12-25 21:22:48 [WARNING] Can't keep up! Did the system time change, or is the server overloaded?
2010-12-25 21:22:55 [WARNING] Can't keep up! Did the system time change, or is the server overloaded?
2010-12-25 21:40:07 [WARNING] Can't keep up! Did the system time change, or is the server overloaded?
2010-12-25 21:54:50 [INFO] amadday lost connection: disconnect.timeout
2010-12-25 21:55:30 [INFO] bik [/24.17.145.236:36743] logged in with entity id 830408
2010-12-25 22:50:01 [INFO] amadday [/75.172.77.252:51514] logged in with entity id 868986
2010-12-25 22:50:10 [INFO] <bik> sup
2010-12-25 22:50:20 [INFO] <amadday> sup scoot
2010-12-25 22:50:44 [INFO] <amadday> sittin hear with miker
2010-12-25 22:51:58 [INFO] <amadday> wtf
2010-12-25 22:52:07 [INFO] <bik> huh?
2010-12-25 22:52:13 [INFO] <amadday> look at this
2010-12-25 22:52:21 [INFO] <bik> what
2010-12-25 22:52:31 [INFO] <amadday> im in yer castle
2010-12-25 22:52:39 [INFO] <bik> and?
2010-12-25 22:52:42 [INFO] <amadday> u cant c it
2010-12-25 22:52:52 [INFO] <bik> missing chunk or something?
2010-12-25 22:52:59 [INFO] <amadday> yep
2010-12-25 22:53:04 [INFO] <amadday> a huge one
2010-12-25 22:54:38 [INFO] <bik> dude
2010-12-25 22:54:45 [INFO] <amadday> mobs in here in man
2010-12-25 23:00:38 [INFO] <amadday> theres another dude down there
2010-12-25 23:02:38 [WARNING] Can't keep up! Did the system time change, or is the server overloaded?
2010-12-25 23:03:03 [WARNING] Can't keep up! Did the system time change, or is the server overloaded?
2010-12-25 23:04:21 [WARNING] Can't keep up! Did the system time change, or is the server overloaded?
2010-12-25 23:08:43 [WARNING] Can't keep up! Did the system time change, or is the server overloaded?
2010-12-25 23:08:53 [WARNING] Can't keep up! Did the system time change, or is the server overloaded?
2010-12-25 23:10:49 [INFO] <bik> brb smokin
2010-12-25 23:21:10 [WARNING] Can't keep up! Did the system time change, or is the server overloaded?
2010-12-25 23:56:42 [INFO] <amadday> i think a found a dungeon
2010-12-25 23:56:56 [INFO] <bik> I found 2 right by each other the other day
2010-12-25 23:57:12 [INFO] <amadday> its swarmin with mobs
2010-12-25 23:57:28 [INFO] <bik> there is a mob generator in it, a little cage looking thing
2010-12-25 23:57:37 [INFO] <bik> they'll keep spawning until you destroy it
2010-12-25 23:57:44 [INFO] <amadday> yea ive seen em
2010-12-26 00:02:06 [WARNING] Can't keep up! Did the system time change, or is the server overloaded?
2010-12-26 00:17:10 [WARNING] Can't keep up! Did the system time change, or is the server overloaded?
2010-12-26 00:19:22 [WARNING] Can't keep up! Did the system time change, or is the server overloaded?
2010-12-26 00:20:24 [INFO] amadday lost connection: disconnect.timeout
2010-12-26 02:15:42 [INFO] bik lost connection: disconnect.quitting
2010-12-26 02:22:50 [INFO] bik [/24.17.145.236:40650] logged in with entity id 1047661
2010-12-26 02:22:52 [WARNING] Can't keep up! Did the system time change, or is the server overloaded?
2010-12-26 02:41:30 [INFO] bik lost connection: disconnect.quitting
2010-12-26 06:59:33 [INFO] CONSOLE: Stopping the server..
2010-12-26 06:59:33 [INFO] Stopping server
2010-12-26 06:59:33 [INFO] Saving chunks
