2010-12-27 08:50:46 [INFO] Starting minecraft server version Beta 1.1_02
2010-12-27 08:50:46 [INFO] Loading properties
2010-12-27 08:50:46 [INFO] Starting Minecraft server on *:25565
2010-12-27 08:50:46 [INFO] Note: your current classpath is: Minecraft_Mod.jar
2010-12-27 08:50:46 [INFO] hMod Build Information: Undefined version
2010-12-27 08:50:46 [INFO] Preparing level "world"
2010-12-27 08:50:46 [INFO] Preparing start region
2010-12-27 08:50:47 [INFO] Done! For help, type "help" or "?"
2010-12-27 08:50:51 [WARNING] Can't keep up! Did the system time change, or is the server overloaded?
2010-12-27 08:52:09 [INFO] pfox__ [/192.168.1.108:39067] logged in with entity id 45
2010-12-27 08:52:14 [WARNING] Can't keep up! Did the system time change, or is the server overloaded?
2010-12-27 08:53:53 [WARNING] Can't keep up! Did the system time change, or is the server overloaded?
2010-12-27 11:43:08 [WARNING] Can't keep up! Did the system time change, or is the server overloaded?
2010-12-27 14:23:26 [WARNING] Can't keep up! Did the system time change, or is the server overloaded?
2010-12-27 16:03:04 [INFO] pfox__ lost connection: disconnect.genericReason
2010-12-27 16:15:09 [INFO] tychos [/24.17.145.236:52752] logged in with entity id 261116
2010-12-27 16:15:19 [INFO] tychos lost connection: disconnect.quitting
2010-12-27 17:03:36 [INFO] amadday [/75.172.77.252:58588] logged in with entity id 261354
2010-12-27 17:11:20 [WARNING] Can't keep up! Did the system time change, or is the server overloaded?
2010-12-27 18:25:41 [WARNING] Can't keep up! Did the system time change, or is the server overloaded?
2010-12-27 18:37:14 [INFO] tychos [/24.17.145.236:53514] logged in with entity id 328242
2010-12-27 18:37:16 [INFO] tychos lost connection: disconnect.quitting
2010-12-27 18:41:42 [INFO] amadday lost connection: disconnect.timeout
2010-12-27 19:36:31 [INFO] amadday [/75.172.77.252:60595] logged in with entity id 331912
2010-12-27 20:05:04 [INFO] bik [/24.17.145.236:10072] logged in with entity id 353547
2010-12-27 20:07:59 [INFO] <amadday> fag
2010-12-27 20:08:01 [INFO] <bik> fag
2010-12-27 20:08:25 [INFO] <amadday> is that thing wood?
2010-12-27 20:08:32 [INFO] <bik> yeah
2010-12-27 20:08:37 [INFO] <bik> I'm gonna rebuild it though
2010-12-27 20:08:57 [INFO] <amadday> wood burns to easy lol
2010-12-27 20:14:56 [INFO] <bik> hey I'm gonna just light this thing on fire
2010-12-27 20:15:02 [INFO] <bik> rather than tear it down
2010-12-27 20:15:08 [INFO] <amadday> lol doit
2010-12-27 20:15:30 [INFO] <amadday> i have a good view
2010-12-27 20:16:32 [INFO] <amadday> hurry its almost day
2010-12-27 20:17:08 [INFO] <amadday> or blow it up then u git the wood back
2010-12-27 20:17:20 [INFO] <bik> shit it caught my trees on fire
2010-12-27 20:21:07 [INFO] <amadday> cool
2010-12-27 21:01:29 [INFO] <amadday> jaime says your a hooker
2010-12-27 21:01:44 [INFO] <bik> she got no room to talk
2010-12-27 21:06:00 [INFO] <amadday> she said only cause your mom was payin a LOT of money
2010-12-27 21:06:21 [INFO] <bik> is she coming back?
2010-12-27 21:06:36 [INFO] <amadday> yea in a couple months
2010-12-27 21:36:47 [INFO] pfox__ [/192.168.1.108:49533] logged in with entity id 439527
2010-12-27 21:37:22 [INFO] pfox__ teleported to bik
2010-12-27 21:37:33 [INFO] pfox__ teleported to bik
2010-12-27 21:37:35 [INFO] <bik> thanks asshole
2010-12-27 21:37:38 [INFO] <bik> get out
2010-12-27 21:37:38 [INFO] <pfox__> bammer
2010-12-27 21:37:41 [INFO] <pfox__> where was that
2010-12-27 21:38:42 [WARNING] Can't keep up! Did the system time change, or is the server overloaded?
2010-12-27 21:38:43 [INFO] <pfox__> derp derp derp
2010-12-27 21:38:56 [INFO] <pfox__> where were you scott, are you going back?
2010-12-27 21:39:04 [INFO] <pfox__> id like try and recover some of my kit, if possible
2010-12-27 21:39:11 [INFO] <bik> I'm already back
2010-12-27 21:39:45 [INFO] <bik> if you died too all your shit went in the lava
2010-12-27 21:40:08 [INFO] <pfox__> laaaame
2010-12-27 21:40:12 [INFO] <pfox__> sorry about that
2010-12-27 21:40:44 [INFO] <bik> warn a nigga
2010-12-27 21:41:02 [INFO] <amadday> wth did u guys do?
2010-12-27 21:41:10 [INFO] <pfox__> i warped in on scott
2010-12-27 21:41:11 [INFO] <bik> looks like a diamond axe survived
2010-12-27 21:41:15 [INFO] <pfox__> and we both went into the lava
2010-12-27 21:41:20 [INFO] <bik> I was balanced in lava we both went in
2010-12-27 21:41:32 [INFO] <bik> I'll get this axe for you
2010-12-27 21:41:36 [INFO] <pfox__> ty
2010-12-27 21:45:16 [INFO] <bik> I put your axe in the first chest in my workshop
2010-12-27 21:45:26 [INFO] <pfox__> lemme tp to you
2010-12-27 21:45:36 [INFO] <pfox__> k?
2010-12-27 21:47:45 [INFO] <pfox__> ty
2010-12-27 21:50:19 [INFO] <pfox__> im sick of looking at this swastika
2010-12-27 21:50:48 [INFO] <bik> jew
2010-12-27 21:50:52 [INFO] <amadday> fag
2010-12-27 21:51:29 [INFO] <pfox__> well if itd make you happy i can kick/ban you and you can blame the zionist
2010-12-27 21:51:31 [INFO] <pfox__> conspiracy
2010-12-27 21:51:50 [INFO] <bik> if it would make your jew ass feel better
2010-12-27 21:58:09 [WARNING] Can't keep up! Did the system time change, or is the server overloaded?
2010-12-27 21:58:35 [INFO] <amadday> u cant be runnin around like that  round here
2010-12-27 21:58:54 [WARNING] Can't keep up! Did the system time change, or is the server overloaded?
2010-12-27 21:58:58 [INFO] <amadday> they swarm ya
2010-12-27 21:59:27 [WARNING] Can't keep up! Did the system time change, or is the server overloaded?
2010-12-27 22:00:06 [INFO] <pfox__> i got most of my kit back
2010-12-27 22:01:19 [INFO] bik lost connection: disconnect.quitting
2010-12-27 22:06:28 [INFO] <pfox__> night
2010-12-27 22:06:34 [INFO] <amadday> later
2010-12-27 22:06:36 [INFO] pfox__ lost connection: disconnect.genericReason
2010-12-27 22:58:07 [INFO] amadday lost connection: disconnect.quitting
2010-12-28 13:17:35 [INFO] tychos [/24.17.145.236:53844] logged in with entity id 519022
2010-12-28 13:17:42 [INFO] tychos lost connection: disconnect.genericReason
2010-12-28 14:59:30 [INFO] bik [/24.17.145.236:12883] logged in with entity id 519233
2010-12-28 14:59:33 [WARNING] Can't keep up! Did the system time change, or is the server overloaded?
2010-12-28 15:35:20 [WARNING] Can't keep up! Did the system time change, or is the server overloaded?
2010-12-28 15:36:13 [WARNING] Can't keep up! Did the system time change, or is the server overloaded?
2010-12-28 17:37:50 [INFO] bik lost connection: disconnect.quitting
2010-12-28 18:37:02 [INFO] amadday [/75.172.65.55:53068] logged in with entity id 615183
2010-12-28 19:31:22 [INFO] amadday lost connection: disconnect.timeout
2010-12-28 19:32:19 [INFO] amadday [/75.172.65.55:53292] logged in with entity id 655400
2010-12-28 19:37:36 [INFO] akyouser [/131.191.57.241:49304] logged in with entity id 660055
2010-12-28 19:37:39 [WARNING] Can't keep up! Did the system time change, or is the server overloaded?
2010-12-28 19:37:56 [INFO] <amadday> fag
2010-12-28 19:38:05 [INFO] <akyouser> sup fagort
2010-12-28 19:38:17 [INFO] <amadday> nuthin
2010-12-28 19:38:31 [INFO] <akyouser> werds
2010-12-28 19:38:40 [INFO] <amadday> come check out my spot
2010-12-28 19:38:47 [INFO] <akyouser> this net connection aint gonna last
2010-12-28 19:38:50 [INFO] <akyouser> :/
2010-12-28 19:38:55 [INFO] <amadday> awww
2010-12-28 19:39:34 [INFO] <amadday> u could come over here if u want i got some smoke
2010-12-28 19:39:53 [INFO] <akyouser> nah i'm posted up
2010-12-28 19:39:59 [INFO] <akyouser> what you doing for nye?
2010-12-28 19:40:09 [INFO] <amadday> i dont no
2010-12-28 19:40:25 [INFO] <amadday> prolly nuthin
2010-12-28 19:40:30 [INFO] <akyouser> where you at?
2010-12-28 19:40:41 [INFO] <akyouser> me and stefan will prolly just be chillin too
2010-12-28 19:41:43 [INFO] <amadday> ive just been landscaping my spot
2010-12-28 19:41:55 [INFO] <amadday> playin with water
2010-12-28 19:42:03 [INFO] <akyouser> nice dude
2010-12-28 19:42:28 [INFO] <akyouser> wtf lol
2010-12-28 19:43:14 [INFO] <akyouser> tight
2010-12-28 19:43:23 [INFO] <amadday> safe zone
2010-12-28 19:44:16 [INFO] <amadday> this was nice but jeff got it all blowed up
2010-12-28 19:44:24 [INFO] <akyouser> scoots castles lookin good
2010-12-28 19:44:34 [INFO] <amadday> lol
2010-12-28 19:44:56 [INFO] <amadday> dont
2010-12-28 19:45:03 [INFO] <akyouser> accident
2010-12-28 19:45:31 [INFO] <akyouser> you gotta see my single player shit
2010-12-28 19:45:41 [INFO] <akyouser> it's coming along nicely
2010-12-28 19:45:50 [INFO] <amadday> yea
2010-12-28 19:47:45 [INFO] <akyouser> shit is glitched the fuck out
2010-12-28 19:48:04 [INFO] <amadday> do u c a huge hole
2010-12-28 19:48:15 [INFO] <akyouser> yeah but i'm stuck
2010-12-28 19:48:23 [INFO] <amadday> aww
2010-12-28 19:48:32 [INFO] <akyouser> fixed
2010-12-28 19:51:04 [INFO] <akyouser> this connection sucks balls
2010-12-28 19:51:12 [INFO] <akyouser> i'm gonna play single mang
2010-12-28 19:51:21 [INFO] <amadday> later snags
2010-12-28 19:51:26 [INFO] <akyouser> i left you a glass up here
2010-12-28 19:51:31 [INFO] <amadday> coo
2010-12-28 19:51:35 [INFO] <akyouser> pees
2010-12-28 19:51:38 [INFO] akyouser lost connection: disconnect.quitting
2010-12-28 21:09:18 [INFO] pfox__ [/192.168.1.108:32967] logged in with entity id 726887
2010-12-28 21:09:23 [WARNING] Can't keep up! Did the system time change, or is the server overloaded?
2010-12-28 21:39:07 [INFO] pfox__ lost connection: disconnect.genericReason
2010-12-28 22:28:18 [INFO] amadday lost connection: disconnect.timeout
2010-12-29 13:00:26 [INFO] CONSOLE: Stopping the server..
2010-12-29 13:00:26 [INFO] Stopping server
2010-12-29 13:00:26 [INFO] Saving chunks
