2010-12-29 13:49:42 [INFO] Starting minecraft server version Beta 1.1_02
2010-12-29 13:49:42 [INFO] Loading properties
2010-12-29 13:49:42 [INFO] Starting Minecraft server on *:25565
2010-12-29 13:49:42 [INFO] Note: your current classpath is: Minecraft_Mod.jar
2010-12-29 13:49:42 [INFO] hMod Build Information: Undefined version
2010-12-29 13:49:42 [INFO] Preparing level "world"
2010-12-29 13:49:42 [INFO] Preparing start region
2010-12-29 13:49:43 [INFO] Done! For help, type "help" or "?"
2010-12-29 13:49:47 [WARNING] Can't keep up! Did the system time change, or is the server overloaded?
2010-12-29 16:14:38 [INFO] bik [/24.17.145.236:52088] logged in with entity id 83
2010-12-29 16:32:09 [INFO] moshea [/98.237.174.163:22111] logged in with entity id 10043
2010-12-29 16:32:15 [WARNING] Can't keep up! Did the system time change, or is the server overloaded?
2010-12-29 16:32:24 [INFO] <moshea> sup
2010-12-29 16:32:29 [INFO] <bik> sup
2010-12-29 16:32:51 [INFO] <moshea> bored?
2010-12-29 16:33:03 [INFO] <bik> nah about to go pick up a bed for tycho
2010-12-29 16:33:57 [INFO] <moshea> Oh. Cool. Glad you're off the couch
2010-12-29 16:34:38 [WARNING] Can't keep up! Did the system time change, or is the server overloaded?
2010-12-29 16:36:12 [INFO] <bik> not really
2010-12-29 16:37:23 [INFO] <moshea> t
2010-12-29 16:37:34 [INFO] <moshea> ttt - heh
2010-12-29 16:40:03 [INFO] <moshea> any more ideas why the world has holes in it?
2010-12-29 16:40:14 [INFO] <bik> you didn't get the chunk from the server
2010-12-29 16:40:24 [INFO] <bik> restart the game if you need to fix it
2010-12-29 16:40:32 [INFO] <bik> er dc and reconnect
2010-12-29 16:40:44 [INFO] <moshea> hmm
2010-12-29 16:40:48 [INFO] <moshea> ok
2010-12-29 16:40:50 [INFO] moshea lost connection: disconnect.quitting
2010-12-29 16:41:09 [INFO] moshea [/98.237.174.163:22333] logged in with entity id 21180
2010-12-29 16:41:43 [INFO] <moshea> that seemed to work - huh
2010-12-29 16:42:41 [INFO] <moshea> nice courtyard -
2010-12-29 16:43:57 [INFO] <moshea> looks good
2010-12-29 17:01:26 [INFO] bik lost connection: disconnect.quitting
2010-12-29 17:07:00 [INFO] amadday [/75.172.65.55:56096] logged in with entity id 52069
2010-12-29 17:07:33 [INFO] <amadday> mikers!!!
2010-12-29 17:07:47 [INFO] <moshea> hey. just got in
2010-12-29 17:08:03 [INFO] <amadday> me?
2010-12-29 17:08:16 [WARNING] Can't keep up! Did the system time change, or is the server overloaded?
2010-12-29 17:08:40 [INFO] <moshea> no, me
2010-12-29 17:08:55 [INFO] <amadday> u just got in from where?
2010-12-29 17:09:54 [INFO] <moshea> from IRL - haven't been on MC since b4 xmas
2010-12-29 17:10:31 [INFO] <amadday> oh   u should come see my spot i pimped it out
2010-12-29 17:15:50 [INFO] <amadday> waitin for my grass to grow in
2010-12-29 17:17:03 [INFO] <moshea> I'll swing by soon. Want to get this semicircle buttoned up
2010-12-29 17:17:30 [INFO] <amadday> im gonna come check u out do u need anything
2010-12-29 17:17:54 [INFO] <moshea> naw. just need to make torches
2010-12-29 17:46:45 [WARNING] Can't keep up! Did the system time change, or is the server overloaded?
2010-12-29 18:01:35 [WARNING] Can't keep up! Did the system time change, or is the server overloaded?
2010-12-29 18:14:54 [WARNING] Can't keep up! Did the system time change, or is the server overloaded?
2010-12-29 18:18:24 [WARNING] Can't keep up! Did the system time change, or is the server overloaded?
2010-12-29 18:18:55 [INFO] <amadday> just found a dungeon with sum boxes in it
2010-12-29 18:19:10 [INFO] <moshea> mob spawners?
2010-12-29 18:19:26 [INFO] <amadday> yea one of those and 2 chests
2010-12-29 18:20:04 [INFO] <moshea> huh - maybe scooter or jeff made?
2010-12-29 18:20:37 [INFO] <amadday> no ive seen these on my single player game   they have green cobblestone around em
2010-12-29 18:20:56 [INFO] <moshea> do they have stuff in em?
2010-12-29 18:21:25 [INFO] <amadday> yea but i have to gear up and go back and destroy the mob spawner
2010-12-29 18:21:37 [INFO] <amadday> before i no whats in em
2010-12-29 18:26:12 [WARNING] Can't keep up! Did the system time change, or is the server overloaded?
2010-12-29 18:31:32 [INFO] tychos [/24.17.145.236:49479] logged in with entity id 188671
2010-12-29 18:33:28 [WARNING] Can't keep up! Did the system time change, or is the server overloaded?
2010-12-29 18:37:55 [INFO] tychos lost connection: disconnect.quitting
2010-12-29 18:38:12 [INFO] <amadday> there was a record in one of the boxes!
2010-12-29 18:38:32 [INFO] <moshea> nice. ya got a player?
2010-12-29 18:38:41 [INFO] <amadday> no i need to make one
2010-12-29 18:41:04 [WARNING] Can't keep up! Did the system time change, or is the server overloaded?
2010-12-29 18:42:52 [WARNING] Can't keep up! Did the system time change, or is the server overloaded?
2010-12-29 18:44:47 [WARNING] Can't keep up! Did the system time change, or is the server overloaded?
2010-12-29 19:11:42 [WARNING] Can't keep up! Did the system time change, or is the server overloaded?
2010-12-29 19:17:39 [INFO] moshea lost connection: disconnect.quitting
2010-12-29 19:17:45 [INFO] moshea [/98.237.174.163:26154] logged in with entity id 263668
2010-12-29 19:17:49 [WARNING] Can't keep up! Did the system time change, or is the server overloaded?
2010-12-29 19:33:14 [INFO] <amadday> holy shit mikers!
2010-12-29 19:33:41 [INFO] <moshea> heh
2010-12-29 19:36:22 [INFO] <moshea> tricky work here
2010-12-29 19:36:28 [INFO] <amadday> yeah
2010-12-29 19:37:25 [INFO] <amadday> the limit
2010-12-29 19:37:37 [INFO] <moshea> yeah. miscalced a bit
2010-12-29 19:38:44 [INFO] <moshea> sup!
2010-12-29 19:38:55 [INFO] <amadday> nuthin
2010-12-29 19:39:12 [INFO] <amadday> am i buggin u?
2010-12-29 19:39:13 [INFO] <moshea> gonna mke kind of a globe shape
2010-12-29 19:41:14 [INFO] <amadday> lol
2010-12-29 19:41:19 [WARNING] Can't keep up! Did the system time change, or is the server overloaded?
2010-12-29 19:41:22 [INFO] <moshea> ouch
2010-12-29 19:41:47 [INFO] <amadday> fuck i just did the same thing
2010-12-29 19:42:21 [INFO] <amadday> my shit is all mixed with yours
2010-12-29 19:42:35 [INFO] <moshea> we can sort it out
2010-12-29 19:42:54 [INFO] <amadday> i didnt have any thing fancy
2010-12-29 19:43:10 [INFO] <moshea> did ya hav a steel sword and some leather?
2010-12-29 19:43:20 [INFO] <amadday> no
2010-12-29 19:43:59 [INFO] <moshea> hmm your stuff may be not have been mixed in w mine
2010-12-29 19:44:43 [INFO] <amadday> i just had some torches and a stack of blocks
2010-12-29 19:44:56 [INFO] <amadday> and i rock pick i think
2010-12-29 19:44:58 [INFO] <moshea> oh. no torches here
2010-12-29 19:45:22 [INFO] <moshea> where ya at?
2010-12-29 19:45:27 [INFO] <amadday> in the water
2010-12-29 19:45:42 [INFO] <amadday> i got your sword
2010-12-29 19:46:57 [INFO] <amadday> cool
2010-12-29 19:47:00 [INFO] <moshea> more blocks?
2010-12-29 19:47:06 [INFO] <amadday> no im good
2010-12-29 19:47:16 [INFO] <moshea> tc for getting th sword
2010-12-29 19:48:22 [INFO] <moshea> I'm gonna telep home and store some stuff.
2010-12-29 19:48:39 [INFO] <amadday> marble sized hail outside right now
2010-12-29 19:48:58 [INFO] <moshea> ho?  really?
2010-12-29 19:49:19 [INFO] <moshea> usually tstorms do that
2010-12-29 19:49:22 [INFO] <amadday> yea  well maybe not as big as a marble
2010-12-29 19:49:44 [WARNING] Can't keep up! Did the system time change, or is the server overloaded?
2010-12-29 19:49:46 [INFO] <amadday> its blanketing the street
2010-12-29 19:50:48 [INFO] <amadday> come overto the skybridge miker
2010-12-29 19:50:49 [INFO] <moshea> cool. proly melt quick
2010-12-29 19:51:35 [INFO] <amadday> u can be the first to c my work
2010-12-29 19:52:54 [INFO] <moshea> hang on. just getting hail now!
2010-12-29 19:53:02 [INFO] <amadday> yep!
2010-12-29 19:54:44 [INFO] <moshea> omw
2010-12-29 19:54:59 [INFO] <amadday> carefull
2010-12-29 19:55:29 [INFO] <amadday> come to me
2010-12-29 19:55:42 [INFO] <amadday> nice boots
2010-12-29 19:56:14 [INFO] <moshea> mossy cobble?
2010-12-29 19:56:23 [INFO] <amadday> yep
2010-12-29 19:56:41 [INFO] <amadday> over here
2010-12-29 19:57:04 [INFO] <moshea> grass
2010-12-29 19:57:13 [INFO] <moshea> nice checker
2010-12-29 19:57:21 [INFO] <amadday> thanks
2010-12-29 19:57:42 [INFO] <amadday> PUT IT IN
2010-12-29 19:57:55 [INFO] <amadday> DONT TOUCH
2010-12-29 19:58:03 [INFO] <amadday> sorry caps
2010-12-29 19:58:07 [INFO] <moshea> can you hear?
2010-12-29 19:58:12 [INFO] <amadday> yea
2010-12-29 19:58:18 [INFO] <amadday> u
2010-12-29 19:58:23 [INFO] <moshea> just the one record?
2010-12-29 19:58:29 [INFO] <amadday> yea
2010-12-29 19:58:45 [INFO] <moshea> cool first one i hear
2010-12-29 19:58:52 [INFO] <amadday> slide
2010-12-29 19:59:36 [INFO] <amadday> lol
2010-12-29 19:59:47 [INFO] <amadday> its treaky
2010-12-29 19:59:53 [INFO] <moshea> yeh
2010-12-29 20:00:19 [INFO] <amadday> stay facing the wall
2010-12-29 20:00:51 [INFO] <amadday> i shaped all the walls flat like that
2010-12-29 20:00:56 [INFO] <moshea> lava in glass. heh
2010-12-29 20:01:01 [INFO] <amadday> cool huh
2010-12-29 20:01:18 [INFO] <moshea> yep
2010-12-29 20:01:59 [INFO] <amadday> no mobs in here
2010-12-29 20:02:01 [INFO] <moshea> gotta be careful
2010-12-29 20:02:06 [INFO] <amadday> yea
2010-12-29 20:02:18 [INFO] <amadday> its cool at nite
2010-12-29 20:02:35 [INFO] <amadday> im gonna bring the lava up high like the water
2010-12-29 20:04:22 [INFO] <amadday> looks coo from up here
2010-12-29 20:05:13 [INFO] <amadday> go up in the glass tower
2010-12-29 20:05:22 [INFO] <amadday> carefull!
2010-12-29 20:05:26 [INFO] <amadday> at the top
2010-12-29 20:06:28 [INFO] <moshea> cool!
2010-12-29 20:06:39 [INFO] <moshea> i gotta get some glass going..
2010-12-29 20:06:54 [INFO] <amadday> yea thats why i have 3 cookers
2010-12-29 20:07:06 [INFO] <amadday> did u c my building over there
2010-12-29 20:07:19 [INFO] <moshea> yeah noce
2010-12-29 20:07:20 [INFO] <amadday> iit has a lot of floors
2010-12-29 20:09:16 [INFO] <moshea> woo! nice
2010-12-29 20:09:24 [INFO] <amadday> yea
2010-12-29 20:09:32 [INFO] <amadday> : )
2010-12-29 20:09:38 [INFO] <moshea> lots of work.  right on.
2010-12-29 20:09:55 [INFO] <amadday> u should c my mine sometime
2010-12-29 20:10:29 [INFO] <amadday> i tunneld from over at my checker spot
2010-12-29 20:10:40 [INFO] <amadday> to that spot out there
2010-12-29 20:10:41 [INFO] <moshea> i like your bridges. diags take time eh?
2010-12-29 20:11:03 [INFO] <amadday> faster then strait ones
2010-12-29 20:11:27 [INFO] <amadday> try it its faster
2010-12-29 20:11:30 [INFO] <moshea> i'll have to try it when connecting mine
2010-12-29 20:11:44 [INFO] <amadday> yea we should do that
2010-12-29 20:11:54 [INFO] <amadday> i could do that tonite
2010-12-29 20:12:24 [INFO] <amadday> 12 stories
2010-12-29 20:13:10 [INFO] <amadday> mikers where do u want that bridge?
2010-12-29 20:13:24 [INFO] <moshea> I'm a little lost
2010-12-29 20:13:39 [INFO] <amadday> just /home
2010-12-29 20:13:58 [INFO] <moshea> i'll prolly branch near scooters last castle
2010-12-29 20:14:15 [INFO] <moshea> no. first castle
2010-12-29 20:14:20 [INFO] <amadday> yea i was think that too
2010-12-29 20:14:35 [INFO] <moshea> k
2010-12-29 20:14:36 [INFO] <amadday> just break off the one u have there
2010-12-29 20:14:46 [INFO] <moshea> i'm back to finish the globe
2010-12-29 20:14:58 [WARNING] Can't keep up! Did the system time change, or is the server overloaded?
2010-12-29 20:28:50 [INFO] moshea lost connection: disconnect.timeout
2010-12-29 20:28:51 [INFO] amadday lost connection: disconnect.timeout
2010-12-29 20:29:06 [INFO] amadday [/75.172.65.55:56622] logged in with entity id 346797
2010-12-29 20:29:27 [INFO] <amadday> wierd
2010-12-29 20:31:11 [INFO] moshea [/98.237.174.163:14866] logged in with entity id 348338
2010-12-29 20:31:14 [WARNING] Can't keep up! Did the system time change, or is the server overloaded?
2010-12-29 20:31:21 [INFO] <amadday> u2 huh
2010-12-29 20:31:36 [INFO] <moshea> got disconnected
2010-12-29 20:31:43 [INFO] <amadday> yea me 2
2010-12-29 20:32:01 [INFO] <moshea> Strange.  When itr happens on my home pc
2010-12-29 20:32:10 [INFO] <moshea> it totally crashes my network connection
2010-12-29 20:33:26 [WARNING] Can't keep up! Did the system time change, or is the server overloaded?
2010-12-29 20:34:59 [INFO] <amadday> can u c what ive done already
2010-12-29 20:35:43 [INFO] moshea lost connection: disconnect.quitting
2010-12-29 20:35:48 [INFO] moshea [/98.237.174.163:15186] logged in with entity id 353625
2010-12-29 20:36:29 [INFO] <moshea> oh yeh. this is exactly where I thought it would branch.
2010-12-29 20:36:42 [INFO] <amadday> yea
2010-12-29 20:37:09 [INFO] <moshea> i think this globe thing will look cool
2010-12-29 20:37:24 [INFO] <amadday> hell yea
2010-12-29 20:53:40 [WARNING] Can't keep up! Did the system time change, or is the server overloaded?
2010-12-29 20:55:22 [WARNING] Can't keep up! Did the system time change, or is the server overloaded?
2010-12-29 20:55:23 [INFO] moshea lost connection: disconnect.quitting
2010-12-29 20:55:28 [INFO] moshea [/98.237.174.163:16490] logged in with entity id 379690
2010-12-29 20:55:34 [WARNING] Can't keep up! Did the system time change, or is the server overloaded?
2010-12-29 21:06:36 [INFO] [CONSOLE] sup honkey
2010-12-29 21:06:58 [INFO] <amadday> sup
2010-12-29 21:07:05 [INFO] [CONSOLE] how's the lag
2010-12-29 21:07:31 [INFO] <amadday> not bad i donno
2010-12-29 21:07:54 [INFO] <moshea> was really good, but a little chop started bout 15 ago
2010-12-29 21:18:43 [WARNING] Can't keep up! Did the system time change, or is the server overloaded?
2010-12-29 21:20:10 [WARNING] Can't keep up! Did the system time change, or is the server overloaded?
2010-12-29 21:20:33 [WARNING] Can't keep up! Did the system time change, or is the server overloaded?
2010-12-29 21:27:12 [INFO] amadday lost connection: disconnect.timeout
2010-12-29 21:37:22 [INFO] moshea lost connection: disconnect.quitting
2010-12-29 21:37:29 [INFO] moshea [/98.237.174.163:19284] logged in with entity id 438496
2010-12-29 21:55:15 [INFO] amadday [/75.172.65.55:58216] logged in with entity id 453688
2010-12-29 22:03:11 [WARNING] Can't keep up! Did the system time change, or is the server overloaded?
2010-12-29 22:28:37 [INFO] moshea lost connection: disconnect.quitting
2010-12-29 22:28:45 [INFO] moshea [/98.237.174.163:22687] logged in with entity id 506582
2010-12-29 22:28:49 [WARNING] Can't keep up! Did the system time change, or is the server overloaded?
2010-12-29 22:39:17 [WARNING] Can't keep up! Did the system time change, or is the server overloaded?
2010-12-29 22:39:26 [INFO] <moshea> dija see me fall?
2010-12-29 22:39:34 [INFO] <amadday> yea lol
2010-12-29 22:40:35 [INFO] <amadday> the bridge turned out a little off but that ok
2010-12-29 22:42:23 [INFO] moshea lost connection: disconnect.quitting
2010-12-29 22:42:27 [INFO] moshea [/98.237.174.163:23599] logged in with entity id 523557
2010-12-29 22:58:42 [INFO] amadday lost connection: disconnect.timeout
2010-12-29 23:03:18 [WARNING] Can't keep up! Did the system time change, or is the server overloaded?
2010-12-29 23:09:43 [INFO] moshea lost connection: disconnect.quitting
2010-12-30 12:03:19 [INFO] pfox__ [/192.168.1.108:51975] logged in with entity id 549349
2010-12-30 12:03:24 [WARNING] Can't keep up! Did the system time change, or is the server overloaded?
2010-12-30 12:28:43 [INFO] pfox__ lost connection: disconnect.genericReason
2010-12-30 15:49:39 [INFO] moshea [/98.237.174.163:28803] logged in with entity id 573354
2010-12-30 15:49:44 [WARNING] Can't keep up! Did the system time change, or is the server overloaded?
2010-12-30 16:04:44 [WARNING] Can't keep up! Did the system time change, or is the server overloaded?
2010-12-30 16:24:14 [WARNING] Can't keep up! Did the system time change, or is the server overloaded?
2010-12-30 16:24:23 [WARNING] Can't keep up! Did the system time change, or is the server overloaded?
2010-12-30 16:25:33 [WARNING] Can't keep up! Did the system time change, or is the server overloaded?
2010-12-30 16:25:44 [WARNING] Can't keep up! Did the system time change, or is the server overloaded?
2010-12-30 16:27:58 [WARNING] Can't keep up! Did the system time change, or is the server overloaded?
2010-12-30 16:28:07 [WARNING] Can't keep up! Did the system time change, or is the server overloaded?
2010-12-30 16:38:52 [WARNING] Can't keep up! Did the system time change, or is the server overloaded?
2010-12-30 16:39:02 [WARNING] Can't keep up! Did the system time change, or is the server overloaded?
2010-12-30 16:39:11 [INFO] moshea lost connection: disconnect.quitting
2010-12-30 17:30:10 [INFO] amadday [/75.172.65.55:56459] logged in with entity id 618184
2010-12-30 19:22:21 [WARNING] Can't keep up! Did the system time change, or is the server overloaded?
2010-12-30 19:55:52 [WARNING] Can't keep up! Did the system time change, or is the server overloaded?
2010-12-30 20:12:01 [INFO] amadday lost connection: disconnect.quitting
2010-12-30 20:12:11 [INFO] amadday [/75.172.65.55:51315] logged in with entity id 752138
2010-12-30 20:12:21 [INFO] amadday lost connection: disconnect.genericReason
2010-12-30 21:08:26 [INFO] pfox__ [/192.168.1.108:36565] logged in with entity id 752395
2010-12-30 21:08:30 [WARNING] Can't keep up! Did the system time change, or is the server overloaded?
2010-12-30 21:16:01 [WARNING] Can't keep up! Did the system time change, or is the server overloaded?
2010-12-30 21:16:07 [WARNING] Can't keep up! Did the system time change, or is the server overloaded?
2010-12-30 21:16:25 [INFO] pfox__ lost connection: disconnect.genericReason
2010-12-30 21:16:37 [INFO] pfox__ [/192.168.1.108:47392] logged in with entity id 759882
2010-12-30 21:16:41 [WARNING] Can't keep up! Did the system time change, or is the server overloaded?
2010-12-30 21:21:07 [INFO] amadday [/75.172.65.55:56893] logged in with entity id 763271
2010-12-30 21:29:43 [INFO] pfox__ tried command /direction
2010-12-30 21:49:52 [WARNING] Can't keep up! Did the system time change, or is the server overloaded?
2010-12-30 21:50:43 [WARNING] Can't keep up! Did the system time change, or is the server overloaded?
2010-12-30 21:51:22 [INFO] pfox__ tried command /hopme
2010-12-30 21:52:37 [WARNING] Can't keep up! Did the system time change, or is the server overloaded?
2010-12-30 22:09:59 [WARNING] Can't keep up! Did the system time change, or is the server overloaded?
2010-12-30 22:10:05 [WARNING] Can't keep up! Did the system time change, or is the server overloaded?
2010-12-30 22:14:21 [INFO] amadday lost connection: disconnect.quitting
2010-12-30 23:13:34 [INFO] pfox__ tried command /shafthaus
2010-12-30 23:13:41 [WARNING] Can't keep up! Did the system time change, or is the server overloaded?
2010-12-30 23:14:12 [WARNING] Can't keep up! Did the system time change, or is the server overloaded?
2010-12-30 23:27:13 [INFO] pfox__ lost connection: disconnect.quitting
2010-12-31 11:43:20 [INFO] moshea [/98.237.174.163:38769] logged in with entity id 911869
2010-12-31 11:43:25 [WARNING] Can't keep up! Did the system time change, or is the server overloaded?
2010-12-31 12:01:59 [INFO] tychos [/24.17.145.236:50070] logged in with entity id 929595
2010-12-31 12:04:45 [INFO] tychos lost connection: disconnect.quitting
2010-12-31 12:23:25 [WARNING] Can't keep up! Did the system time change, or is the server overloaded?
2010-12-31 13:06:14 [WARNING] Can't keep up! Did the system time change, or is the server overloaded?
2010-12-31 13:24:46 [WARNING] Can't keep up! Did the system time change, or is the server overloaded?
2010-12-31 13:28:40 [WARNING] Can't keep up! Did the system time change, or is the server overloaded?
2010-12-31 13:32:02 [INFO] moshea lost connection: disconnect.quitting
2010-12-31 17:12:11 [INFO] moshea [/98.237.174.163:60579] logged in with entity id 1011803
2010-12-31 17:12:16 [WARNING] Can't keep up! Did the system time change, or is the server overloaded?
2010-12-31 18:36:33 [WARNING] Can't keep up! Did the system time change, or is the server overloaded?
2010-12-31 18:44:03 [WARNING] Can't keep up! Did the system time change, or is the server overloaded?
2010-12-31 20:53:08 [INFO] akyouser [/97.113.124.137:52431] logged in with entity id 1224339
2010-12-31 20:55:36 [WARNING] Can't keep up! Did the system time change, or is the server overloaded?
2010-12-31 21:07:09 [WARNING] Can't keep up! Did the system time change, or is the server overloaded?
2010-12-31 21:07:22 [WARNING] Can't keep up! Did the system time change, or is the server overloaded?
2010-12-31 21:07:47 [WARNING] Can't keep up! Did the system time change, or is the server overloaded?
2010-12-31 21:07:57 [WARNING] Can't keep up! Did the system time change, or is the server overloaded?
2010-12-31 21:09:44 [INFO] akyouser lost connection: disconnect.quitting
2010-12-31 21:24:04 [INFO] tychos [/24.17.145.236:50231] logged in with entity id 1261229
2010-12-31 21:31:56 [INFO] tychos lost connection: disconnect.quitting
2010-12-31 21:33:41 [INFO] pfox__ [/24.17.145.236:50303] logged in with entity id 1278560
2010-12-31 21:33:46 [WARNING] Can't keep up! Did the system time change, or is the server overloaded?
2010-12-31 21:36:24 [INFO] Giving pfox__ some 322
2010-12-31 21:37:55 [INFO] pfox__ lost connection: disconnect.quitting
2010-12-31 21:38:40 [INFO] tychos [/24.17.145.236:50328] logged in with entity id 1285380
2010-12-31 21:39:13 [WARNING] Can't keep up! Did the system time change, or is the server overloaded?
2010-12-31 21:39:27 [WARNING] Can't keep up! Did the system time change, or is the server overloaded?
2010-12-31 21:40:15 [INFO] <tychos> yo mikre
2010-12-31 21:42:59 [INFO] tychos lost connection: disconnect.quitting
2010-12-31 21:53:32 [INFO] moshea lost connection: disconnect.timeout
2010-12-31 23:35:14 [INFO] moshea [/98.237.174.163:26155] logged in with entity id 1301804
2010-12-31 23:35:19 [WARNING] Can't keep up! Did the system time change, or is the server overloaded?
2010-12-31 23:46:16 [WARNING] Can't keep up! Did the system time change, or is the server overloaded?
2011-01-01 01:21:58 [WARNING] Can't keep up! Did the system time change, or is the server overloaded?
2011-01-01 01:43:27 [WARNING] Can't keep up! Did the system time change, or is the server overloaded?
2011-01-01 01:43:36 [WARNING] Can't keep up! Did the system time change, or is the server overloaded?
2011-01-01 01:51:03 [INFO] bik [/24.17.145.236:28057] logged in with entity id 1429047
2011-01-01 01:51:05 [WARNING] Can't keep up! Did the system time change, or is the server overloaded?
2011-01-01 01:51:26 [INFO] <moshea> hey
2011-01-01 01:51:33 [INFO] <bik> sup
2011-01-01 01:51:41 [INFO] <bik> jeff's over
2011-01-01 01:51:53 [INFO] <moshea> ive found so many caves, i get lost now
2011-01-01 01:52:25 [INFO] <bik> nice
2011-01-01 01:52:42 [INFO] <bik> jeff's about to get on on heidi's computer
2011-01-01 01:52:57 [INFO] <bik> I'm faded
2011-01-01 01:53:06 [INFO] <moshea> me too.
2011-01-01 01:53:17 [INFO] <bik> happy new year sir
2011-01-01 01:53:39 [INFO] <moshea> ditto. I'll drink a Patrone for ya
2011-01-01 01:53:48 [INFO] <bik> fag
2011-01-01 01:53:56 [INFO] <bik> ;)
2011-01-01 01:54:06 [INFO] <moshea> such non-pc langague
2011-01-01 01:54:14 [INFO] <moshea> i'm offended
2011-01-01 01:54:27 [INFO] <bik> I've succeeded then
2011-01-01 01:54:56 [INFO] <moshea> first new year troll - hah hah
2011-01-01 01:55:05 [INFO] <bik> I need more obsidian
2011-01-01 01:55:16 [INFO] <bik> check out my workshop
2011-01-01 01:55:36 [INFO] <moshea> i got obsidian
2011-01-01 01:55:41 [INFO] <moshea> wanna hand out?
2011-01-01 01:55:42 [INFO] pfox__ [/24.17.145.236:50533] logged in with entity id 1437851
2011-01-01 01:55:47 [WARNING] Can't keep up! Did the system time change, or is the server overloaded?
2011-01-01 01:55:56 [INFO] <bik> pfox = fag0t
2011-01-01 01:56:12 [INFO] <bik> we are both faded fyi
2011-01-01 01:56:34 [INFO] Giving pfox__ some 322
2011-01-01 01:56:48 [INFO] pfox__ teleported moshea to their self.
2011-01-01 01:56:51 [WARNING] Can't keep up! Did the system time change, or is the server overloaded?
2011-01-01 01:57:03 [WARNING] Can't keep up! Did the system time change, or is the server overloaded?
2011-01-01 01:57:04 [INFO] pfox__ teleported moshea to their self.
2011-01-01 01:57:17 [INFO] <pfox__> happy new year
2011-01-01 01:57:25 [INFO] <moshea> jeff, i love ya, but ya just lost me two diamonds
2011-01-01 01:57:26 [INFO] <pfox__> apples
2011-01-01 01:57:26 [WARNING] Can't keep up! Did the system time change, or is the server overloaded?
2011-01-01 01:57:39 [INFO] <moshea> sweet
2011-01-01 01:57:41 [INFO] pfox__ teleported moshea to their self.
2011-01-01 01:58:03 [WARNING] Can't keep up! Did the system time change, or is the server overloaded?
2011-01-01 01:58:09 [INFO] pfox__ teleported bik to their self.
2011-01-01 01:58:32 [WARNING] Can't keep up! Did the system time change, or is the server overloaded?
2011-01-01 01:58:55 [INFO] <moshea> jeff, give me a couple diamonds. I was in the middle
2011-01-01 01:59:00 [INFO] <moshea> of making a sword
2011-01-01 01:59:02 [INFO] pfox__ teleported to moshea
2011-01-01 02:02:47 [WARNING] Can't keep up! Did the system time change, or is the server overloaded?
2011-01-01 02:06:06 [INFO] <moshea> aright. found the diamonds
2011-01-01 02:06:12 [INFO] <moshea> headin to the workshop
2011-01-01 02:07:13 [WARNING] Can't keep up! Did the system time change, or is the server overloaded?
2011-01-01 02:08:56 [INFO] moshea lost connection: disconnect.quitting
2011-01-01 02:09:00 [INFO] moshea [/98.237.174.163:2987] logged in with entity id 1465996
2011-01-01 02:10:44 [INFO] <pfox__> i think we should start a legit economy
2011-01-01 02:10:50 [INFO] <pfox__> and find a bigger server
2011-01-01 02:11:11 [INFO] <bik> jeff
2011-01-01 02:11:20 [INFO] <pfox__> wuuut
2011-01-01 02:11:29 [INFO] <bik> I fucked your mom
2011-01-01 02:12:02 [INFO] <moshea> k i'm here. where's the workshop?
2011-01-01 02:13:20 [INFO] pfox__ teleported to bik
2011-01-01 02:13:23 [WARNING] Can't keep up! Did the system time change, or is the server overloaded?
2011-01-01 02:13:40 [INFO] <pfox__> i used up all my diamonds
2011-01-01 02:14:55 [INFO] <moshea> hey scooter
2011-01-01 02:15:49 [INFO] pfox__ teleported to bik
2011-01-01 02:16:02 [INFO] <pfox__> i have none
2011-01-01 02:16:43 [INFO] Giving pfox__ some 264
2011-01-01 02:17:12 [INFO] <pfox__> turn aroun
2011-01-01 02:17:31 [WARNING] Can't keep up! Did the system time change, or is the server overloaded?
2011-01-01 02:18:31 [INFO] <moshea> i see ya
2011-01-01 02:19:06 [INFO] <moshea> new year fags?
2011-01-01 02:19:11 [INFO] <moshea> i mean flags
2011-01-01 02:19:18 [INFO] <bik> no fags
2011-01-01 02:19:36 [INFO] <moshea> yu got a cape
2011-01-01 02:19:56 [INFO] <moshea> number 11
2011-01-01 02:20:00 [INFO] <moshea> 2011
2011-01-01 02:20:24 [INFO] <moshea> drunk ass...
2011-01-01 02:20:49 [INFO] <pfox__> i wanna start writing some plugins
2011-01-01 02:21:14 [INFO] <moshea> such as?
2011-01-01 02:21:24 [INFO] <pfox__> i think if/after i finish the minecraft prototyping app
2011-01-01 02:21:35 [INFO] <pfox__> ill spend a month working on stuff
2011-01-01 02:21:52 [INFO] <pfox__> just little things... an easy way alias... area protection..
2011-01-01 02:22:03 [INFO] <pfox__> rapid mining tools
2011-01-01 02:22:32 [INFO] <moshea> so where's the workshop?
2011-01-01 02:27:31 [INFO] <moshea> rapid mining - cool.
2011-01-01 02:28:09 [INFO] <moshea> scott. u playing?  I can't find ur workshop
2011-01-01 02:28:09 [WARNING] Can't keep up! Did the system time change, or is the server overloaded?
2011-01-01 02:28:49 [INFO] <moshea> an I'm bout to place tnt if you don't fucking say something
2011-01-01 02:30:02 [INFO] <moshea> okay.....
2011-01-01 02:31:17 [WARNING] Can't keep up! Did the system time change, or is the server overloaded?
2011-01-01 02:32:28 [INFO] Giving pfox__ some 264
2011-01-01 02:32:49 [INFO] Giving pfox__ some 4
2011-01-01 02:33:15 [INFO] Giving pfox__ some 46
2011-01-01 02:33:31 [INFO] moshea lost connection: disconnect.quitting
2011-01-01 02:33:35 [INFO] moshea [/98.237.174.163:3305] logged in with entity id 1503528
2011-01-01 02:33:57 [INFO] <pfox__> wow i just set off some tnt on a bunch of cows ans sheep
2011-01-01 02:34:00 [INFO] <pfox__> and none of them died
2011-01-01 02:34:03 [INFO] <pfox__> laaaame
2011-01-01 02:34:12 [INFO] <bik> pussy
2011-01-01 02:36:00 [WARNING] Can't keep up! Did the system time change, or is the server overloaded?
2011-01-01 02:36:13 [INFO] <moshea> huh
2011-01-01 02:40:50 [INFO] <moshea> well... don't say I didn't warn ya.
2011-01-01 02:41:16 [WARNING] Can't keep up! Did the system time change, or is the server overloaded?
2011-01-01 02:41:23 [WARNING] Can't keep up! Did the system time change, or is the server overloaded?
2011-01-01 02:42:47 [INFO] Giving pfox__ some 264
2011-01-01 02:43:02 [INFO] Giving pfox__ some 46
2011-01-01 02:55:02 [INFO] moshea lost connection: disconnect.quitting
2011-01-01 02:55:08 [INFO] moshea [/98.237.174.163:3571] logged in with entity id 1556447
2011-01-01 02:56:22 [INFO] <moshea> is that the workshop?
2011-01-01 02:56:39 [INFO] <bik> your mom
2011-01-01 02:56:57 [INFO] <moshea> aw shit! I didn't know.
2011-01-01 02:59:29 [INFO] <moshea> i counted to three..
2011-01-01 03:02:19 [INFO] bik lost connection: disconnect.quitting
2011-01-01 03:10:03 [INFO] moshea lost connection: disconnect.quitting
2011-01-01 04:51:14 [INFO] moshea [/98.237.174.163:4986] logged in with entity id 1668706
2011-01-01 04:51:19 [WARNING] Can't keep up! Did the system time change, or is the server overloaded?
2011-01-01 04:56:57 [INFO] moshea lost connection: disconnect.quitting
2011-01-01 08:52:27 [INFO] amadday [/75.172.65.55:55988] logged in with entity id 1870480
2011-01-01 09:32:09 [INFO] amadday lost connection: disconnect.timeout
2011-01-01 10:06:37 [INFO] moshea [/98.237.174.163:8672] logged in with entity id 1951610
2011-01-01 10:06:43 [WARNING] Can't keep up! Did the system time change, or is the server overloaded?
2011-01-01 10:07:48 [INFO] moshea lost connection: disconnect.quitting
2011-01-01 11:04:49 [INFO] pfox__ lost connection: disconnect.quitting
2011-01-01 11:05:42 [INFO] tychos [/24.17.145.236:51137] lost connection
2011-01-01 11:05:46 [INFO] tychos [/24.17.145.236:51139] logged in with entity id 1997970
2011-01-01 11:10:15 [INFO] tychos lost connection: disconnect.quitting
2011-01-01 11:44:32 [INFO] tychos [/24.17.145.236:51215] logged in with entity id 2002608
2011-01-01 11:46:51 [INFO] tychos lost connection: disconnect.quitting
2011-01-01 12:06:55 [INFO] amadday [/75.172.65.55:56012] lost connection
2011-01-01 12:31:27 [INFO] amadday [/75.172.65.55:56600] logged in with entity id 2004253
2011-01-01 12:32:30 [INFO] amadday lost connection: disconnect.genericReason
2011-01-01 13:28:11 [INFO] tychos [/24.17.145.236:51428] logged in with entity id 2005395
2011-01-01 13:32:44 [INFO] tychos lost connection: disconnect.quitting
2011-01-01 19:36:35 [INFO] amadday [/75.172.65.55:57089] logged in with entity id 2009540
2011-01-01 19:38:04 [INFO] amadday lost connection: disconnect.genericReason
2011-01-01 20:42:41 [INFO] amadday [/75.172.65.55:57377] logged in with entity id 2010839
2011-01-01 20:52:21 [WARNING] Can't keep up! Did the system time change, or is the server overloaded?
2011-01-01 20:53:26 [INFO] amadday lost connection: disconnect.quitting
2011-01-01 21:39:06 [INFO] moshea [/98.237.174.163:14505] logged in with entity id 2021123
2011-01-01 21:39:10 [WARNING] Can't keep up! Did the system time change, or is the server overloaded?
2011-01-01 21:39:42 [WARNING] Can't keep up! Did the system time change, or is the server overloaded?
2011-01-01 21:41:13 [INFO] moshea lost connection: disconnect.quitting
2011-01-01 21:41:16 [INFO] moshea [/98.237.174.163:14546] logged in with entity id 2022719
2011-01-01 21:42:23 [INFO] moshea lost connection: disconnect.genericReason
2011-01-02 08:50:07 [INFO] amadday [/75.172.65.55:57530] logged in with entity id 2023403
2011-01-02 08:50:45 [INFO] amadday lost connection: disconnect.genericReason
2011-01-02 08:52:07 [INFO] amadday [/75.172.65.5:49154] logged in with entity id 2024172
2011-01-02 09:11:45 [INFO] amadday lost connection: disconnect.overflow
2011-01-02 15:33:27 [INFO] amadday [/75.172.65.5:51187] logged in with entity id 2039603
2011-01-02 15:34:00 [INFO] amadday lost connection: disconnect.quitting
2011-01-02 16:46:16 [INFO] tychos [/24.17.145.236:53109] logged in with entity id 2040163
2011-01-02 16:50:53 [INFO] tychos lost connection: disconnect.quitting
2011-01-02 16:57:01 [INFO] amadday [/75.172.65.5:51217] logged in with entity id 2044599
2011-01-02 17:00:39 [INFO] tychos [/24.17.145.236:53181] logged in with entity id 2046850
2011-01-02 17:04:44 [INFO] tychos lost connection: disconnect.quitting
2011-01-02 17:26:17 [WARNING] Can't keep up! Did the system time change, or is the server overloaded?
2011-01-02 18:16:48 [INFO] amadday lost connection: disconnect.timeout
2011-01-02 19:38:21 [INFO] tychos [/24.17.145.236:53396] logged in with entity id 2108677
2011-01-02 19:44:03 [WARNING] Can't keep up! Did the system time change, or is the server overloaded?
2011-01-02 19:44:25 [INFO] tychos lost connection: disconnect.quitting
2011-01-02 22:06:27 [INFO] moshea [/98.237.174.163:4209] logged in with entity id 2113065
2011-01-02 22:06:30 [WARNING] Can't keep up! Did the system time change, or is the server overloaded?
2011-01-02 22:06:52 [INFO] moshea lost connection: disconnect.quitting
2011-01-02 22:06:56 [INFO] moshea [/98.237.174.163:4219] logged in with entity id 2113401
2011-01-02 22:06:59 [WARNING] Can't keep up! Did the system time change, or is the server overloaded?
2011-01-02 22:07:30 [WARNING] Can't keep up! Did the system time change, or is the server overloaded?
2011-01-02 22:07:35 [INFO] moshea lost connection: disconnect.quitting
2011-01-02 22:07:39 [INFO] moshea [/98.237.174.163:4230] logged in with entity id 2114021
2011-01-02 22:07:44 [WARNING] Can't keep up! Did the system time change, or is the server overloaded?
2011-01-02 22:31:41 [INFO] moshea lost connection: disconnect.quitting
2011-01-02 22:31:50 [INFO] moshea [/98.237.174.163:4524] logged in with entity id 2137000
2011-01-02 22:31:55 [WARNING] Can't keep up! Did the system time change, or is the server overloaded?
2011-01-02 22:32:55 [INFO] moshea lost connection: disconnect.quitting
2011-01-03 12:43:25 [INFO] Unknown console command. Type "help" for help.
2011-01-03 12:43:29 [INFO] CONSOLE: Stopping the server..
2011-01-03 12:43:29 [INFO] Stopping server
2011-01-03 12:43:29 [INFO] Saving chunks
