2010-11-19 08:35:22 [INFO] Starting minecraft server version 0.2.4
2010-11-19 08:35:22 [INFO] Loading properties
2010-11-19 08:35:22 [INFO] Starting Minecraft server on *:25565
2010-11-19 08:35:22 [INFO] Hey0 Server Mod Build 125
2010-11-19 08:35:22 [INFO] Preparing level "world"
2010-11-19 08:35:22 [INFO] Preparing start region
2010-11-19 08:35:23 [INFO] Done! For help, type "help" or "?"
2010-11-19 08:35:27 [WARNING] Can't keep up! Did the system time change, or is the server overloaded?
2010-11-19 08:35:29 [INFO] /192.168.1.108:55974 lost connection
2010-11-19 08:35:53 [INFO] pfox__ [/192.168.1.108:55976] logged in with entity id 3
2010-11-19 08:35:57 [WARNING] Can't keep up! Did the system time change, or is the server overloaded?
2010-11-19 13:43:28 [INFO] Giving pfox__ some 259
2010-11-19 14:44:29 [INFO] pfox__ lost connection: Quitting
2010-11-19 14:48:02 [INFO] Server mod help:
2010-11-19 14:48:02 [INFO] help          Displays this mod's and server's help
2010-11-19 14:48:02 [INFO] mod-help      Displays this mod's help
2010-11-19 14:48:02 [INFO] version       Displays the server version
2010-11-19 14:48:02 [INFO] reload        Reloads the config
2010-11-19 14:48:02 [INFO] modify        Type modify for more info
2010-11-19 14:48:02 [INFO] whitelist     Type whitelist for more info
2010-11-19 14:48:02 [INFO] reservelist   Type reservelist for more info
2010-11-19 14:48:02 [INFO] listplugins   Lists all plugins
2010-11-19 14:48:02 [INFO] enableplugin  Enables a plugin
2010-11-19 14:48:02 [INFO] disableplugin Disables a plugin
2010-11-19 14:48:02 [INFO] reloadplugin  Reloads a plugin
2010-11-19 14:48:02 [INFO] To run the server without a gui, start it like this:
2010-11-19 14:48:02 [INFO]    java -Xmx1024M -Xms1024M -jar minecraft_server.jar nogui
2010-11-19 14:48:02 [INFO] Console commands:
2010-11-19 14:48:02 [INFO]    help  or  ?               shows this message
2010-11-19 14:48:02 [INFO]    kick <player>             removes a player from the server
2010-11-19 14:48:02 [INFO]    ban <player>              bans a player from the server
2010-11-19 14:48:02 [INFO]    pardon <player>           pardons a banned player so that they can connect again
2010-11-19 14:48:02 [INFO]    ban-ip <ip>               bans an IP address from the server
2010-11-19 14:48:02 [INFO]    pardon-ip <ip>            pardons a banned IP address so that they can connect again
2010-11-19 14:48:02 [INFO]    op <player>               turns a player into an op
2010-11-19 14:48:02 [INFO]    deop <player>             removes op status from a player
2010-11-19 14:48:02 [INFO]    tp <player1> <player2>    moves one player to the same location as another player
2010-11-19 14:48:02 [INFO]    give <player> <id> [num]  gives a player a resource
2010-11-19 14:48:02 [INFO]    tell <player> <message>   sends a private message to a player
2010-11-19 14:48:02 [INFO]    stop                      gracefully stops the server
2010-11-19 14:48:02 [INFO]    save-all                  forces a server-wide level save
2010-11-19 14:48:02 [INFO]    save-off                  disables terrain saving (useful for backup scripts)
2010-11-19 14:48:02 [INFO]    save-on                   re-enables terrain saving
2010-11-19 14:48:02 [INFO]    list                      lists all currently connected players
2010-11-19 14:48:02 [INFO]    say <message>             broadcasts a message to all players
2010-11-19 14:48:20 [INFO] CONSOLE: Stopping the server..
2010-11-19 14:48:20 [INFO] Stopping server
2010-11-19 14:48:20 [INFO] Saving chunks
