2010-12-06 19:19:51 [INFO] Starting minecraft server version 0.2.8
2010-12-06 19:19:51 [INFO] Loading properties
2010-12-06 19:19:51 [INFO] Starting Minecraft server on *:25565
2010-12-06 19:19:51 [INFO] Note: your current classpath is: Minecraft_Mod.jar
2010-12-06 19:19:51 [INFO] hMod Build Information: git-traitor-323796b
2010-12-06 19:19:51 [INFO] Preparing level "world"
2010-12-06 19:19:51 [INFO] Preparing start region
2010-12-06 19:19:52 [INFO] Done! For help, type "help" or "?"
2010-12-06 19:19:56 [WARNING] Can't keep up! Did the system time change, or is the server overloaded?
2010-12-06 19:19:59 [INFO] pfox__ [/192.168.1.108:46610] logged in with entity id 50
2010-12-06 19:20:03 [WARNING] Can't keep up! Did the system time change, or is the server overloaded?
2010-12-06 19:21:59 [INFO] bik [/24.17.145.236:31444] logged in with entity id 1279
2010-12-06 19:22:27 [INFO] <pfox__> any better?
2010-12-06 19:22:39 [INFO] <bik> some
2010-12-06 19:22:56 [INFO] <pfox__> k.. i might upgrade the server
2010-12-06 19:23:03 [INFO] <pfox__> that might have something to do w/ it
2010-12-06 19:23:09 [INFO] <pfox__> lemme see if there's a new release
2010-12-06 19:23:14 [INFO] <bik> it's fine unles I look around
2010-12-06 19:23:24 [INFO] <bik> moving the mouse causes massive lagz
2010-12-06 19:23:46 [INFO] <pfox__> that's really weird
2010-12-06 19:23:54 [INFO] <pfox__> so you can move w/ the kb and there's no problem?
2010-12-06 19:24:14 [INFO] <bik> yeah it's totally fine unless I move the mouse
2010-12-06 19:24:22 [INFO] <bik> then it lags really bad
2010-12-06 19:24:27 [INFO] <pfox__> do you have the same issue in singleplayer at all?
2010-12-06 19:24:36 [INFO] <bik> which sucks much ass when a creeper sees me I can't run away
2010-12-06 19:24:44 [INFO] <bik> sp runs great
2010-12-06 19:25:12 [INFO] <pfox__> weird. it's workin pretty good for me
2010-12-06 19:25:20 [INFO] <pfox__> but im on the same subnet..
2010-12-06 19:25:55 [INFO] pfox__ teleported to bik
2010-12-06 19:26:27 [INFO] <pfox__> about time you learned how to build real steps, faggot
2010-12-06 19:26:56 [INFO] <bik> how did you find my shit?
2010-12-06 19:27:14 [INFO] <pfox__> i be a an admin, dawg
2010-12-06 19:27:19 [INFO] <bik> fag
2010-12-06 19:27:36 [INFO] <pfox__> dont worry i won't grief your shit the way you did to me
2010-12-06 19:27:41 [INFO] <pfox__> wanna come see my crib?
2010-12-06 19:28:45 [INFO] pfox__ teleported to bik
2010-12-06 19:28:55 [INFO] <pfox__> lol did you entomb yourself in here?
2010-12-06 19:29:28 [INFO] <bik> hell yeah
2010-12-06 19:29:37 [INFO] <pfox__> here come check out my place
2010-12-06 19:29:38 [INFO] <bik> lemme finish these lights real quick
2010-12-06 19:29:44 [INFO] <pfox__> k lemme know
2010-12-06 19:30:08 [INFO] pfox__ teleported to bik
2010-12-06 19:30:40 [INFO] <bik> haven't found any fucking diamonds yet
2010-12-06 19:30:55 [INFO] <pfox__> yeah ive only found a single vein in all my digging
2010-12-06 19:31:44 [INFO] <bik> shit it's noght
2010-12-06 19:31:48 [INFO] <bik> night
2010-12-06 19:31:50 [INFO] <pfox__> yeah
2010-12-06 19:31:59 [INFO] <bik> I can't fuck around out there with this lag
2010-12-06 19:32:08 [INFO] <bik> I got a watch
2010-12-06 19:32:20 [INFO] <pfox__> ok ill wait till daytime and tp you over
2010-12-06 19:32:31 [INFO] <pfox__> i need to get a mod to switch the time of day
2010-12-06 19:32:42 [INFO] <pfox__> or turn on permaday as needed
2010-12-06 19:35:55 [INFO] pfox__ teleported bik to their self.
2010-12-06 19:36:43 [INFO] <pfox__> follow me
2010-12-06 19:36:59 [INFO] <pfox__> i want to put arches on the bridge
2010-12-06 19:37:11 [INFO] <pfox__> for the supports underneath
2010-12-06 19:37:17 [INFO] <bik> this shit is laggin hella bad out here
2010-12-06 19:37:22 [INFO] <pfox__> i need to figure out how to plot the arches or whatever
2010-12-06 19:37:25 [INFO] <pfox__> yeah we're up high
2010-12-06 19:37:36 [INFO] <pfox__> that really sucks.. the lag.. i hope it isn't comcast being gay
2010-12-06 19:37:47 [INFO] <pfox__> maybe i should reset my router, dunno
2010-12-06 19:38:15 [INFO] <pfox__> don't both going down the shaft
2010-12-06 19:38:19 [INFO] <pfox__> if your lag is bad w/ the mouse
2010-12-06 19:38:29 [INFO] pfox__ teleported bik to their self.
2010-12-06 19:38:49 [INFO] <pfox__> im gonn hollow all this out and build a big underground garden
2010-12-06 19:38:55 [INFO] pfox__ teleported bik to their self.
2010-12-06 19:39:08 [INFO] <pfox__> this is what ive been messing with
2010-12-06 19:39:15 [INFO] <pfox__> and when i get tired with that.. i work on the shaft
2010-12-06 19:39:17 [INFO] <bik> nice
2010-12-06 19:39:30 [INFO] <pfox__> ill hit the bottom sooner or later
2010-12-06 19:39:33 [INFO] <bik> I need to jump off and eat
2010-12-06 19:39:38 [INFO] <pfox__> k, later
2010-12-06 19:39:40 [INFO] pfox__ lost connection: Quitting
2010-12-06 19:39:43 [INFO] <bik> I'll proly  be back later
2010-12-06 19:39:52 [INFO] bik lost connection: Quitting
2010-12-06 22:08:16 [INFO] bik [/24.17.145.236:33726] logged in with entity id 16008
2010-12-06 22:08:21 [WARNING] Can't keep up! Did the system time change, or is the server overloaded?
2010-12-06 22:12:09 [WARNING] Can't keep up! Did the system time change, or is the server overloaded?
2010-12-06 22:19:17 [WARNING] Can't keep up! Did the system time change, or is the server overloaded?
2010-12-06 23:14:27 [INFO] bik lost connection: Quitting
2010-12-07 10:20:49 [INFO] bik [/24.17.145.236:53508] logged in with entity id 53538
2010-12-07 13:18:16 [INFO] bik lost connection: Quitting
2010-12-07 15:23:19 [INFO] bik [/24.17.145.236:26147] logged in with entity id 154277
2010-12-07 16:29:23 [INFO] bik lost connection: Quitting
2010-12-07 21:35:27 [INFO] bik [/24.17.145.236:15194] logged in with entity id 192418
2010-12-07 21:43:24 [INFO] bik lost connection: Quitting
2010-12-09 14:20:32 [INFO] bik [/24.17.145.236:20917] logged in with entity id 196369
2010-12-09 15:06:46 [INFO] bik lost connection: Quitting
2010-12-09 15:34:51 [INFO] bik [/24.17.145.236:23012] logged in with entity id 223009
2010-12-09 15:34:54 [WARNING] Can't keep up! Did the system time change, or is the server overloaded?
2010-12-09 17:24:39 [INFO] bik lost connection: Quitting
2010-12-09 19:29:05 [INFO] Disconnecting tychos [/24.17.145.236:51935]: Not on whitelist.
2010-12-09 19:36:31 [INFO] Reloaded mod
2010-12-09 19:36:35 [INFO] To run the server without a gui, start it like this:
2010-12-09 19:36:35 [INFO]    java -Xmx1024M -Xms1024M -jar minecraft_server.jar nogui
2010-12-09 19:36:35 [INFO] Console commands:
2010-12-09 19:36:35 [INFO]    help  or  ?               shows this message
2010-12-09 19:36:35 [INFO]    kick <player>             removes a player from the server
2010-12-09 19:36:35 [INFO]    ban <player>              bans a player from the server
2010-12-09 19:36:35 [INFO]    pardon <player>           pardons a banned player so that they can connect again
2010-12-09 19:36:35 [INFO]    ban-ip <ip>               bans an IP address from the server
2010-12-09 19:36:35 [INFO]    pardon-ip <ip>            pardons a banned IP address so that they can connect again
2010-12-09 19:36:35 [INFO]    op <player>               turns a player into an op
2010-12-09 19:36:35 [INFO]    deop <player>             removes op status from a player
2010-12-09 19:36:35 [INFO]    tp <player1> <player2>    moves one player to the same location as another player
2010-12-09 19:36:35 [INFO]    give <player> <id> [num]  gives a player a resource
2010-12-09 19:36:35 [INFO]    tell <player> <message>   sends a private message to a player
2010-12-09 19:36:35 [INFO]    stop                      gracefully stops the server
2010-12-09 19:36:35 [INFO]    save-all                  forces a server-wide level save
2010-12-09 19:36:35 [INFO]    save-off                  disables terrain saving (useful for backup scripts)
2010-12-09 19:36:35 [INFO]    save-on                   re-enables terrain saving
2010-12-09 19:36:35 [INFO]    list                      lists all currently connected players
2010-12-09 19:36:35 [INFO]    say <message>             broadcasts a message to all players
2010-12-09 19:36:47 [INFO] [CONSOLE] ok have him try and connect again
2010-12-09 19:55:21 [INFO] bik [/24.17.145.236:27885] logged in with entity id 282755
2010-12-09 19:58:16 [INFO] bik lost connection: Quitting
2010-12-09 20:13:18 [INFO] Disconnecting bik [/24.17.145.236:28137]: Took too long to log in
2010-12-09 20:13:26 [INFO] bik [/24.17.145.236:28147] logged in with entity id 284137
2010-12-09 20:18:15 [INFO] Unknown console command. Type "help" for help.
2010-12-09 20:18:18 [INFO] [CONSOLE] f
2010-12-09 20:18:22 [INFO] [CONSOLE] a
2010-12-09 20:18:31 [INFO] <bik> your mom
2010-12-09 20:18:44 [INFO] Can't find user bik hmo. No kick.
2010-12-09 20:18:49 [INFO] CONSOLE: Kicking bik
2010-12-09 20:18:57 [INFO] bik [/24.17.145.236:28229] logged in with entity id 286814
2010-12-09 20:20:22 [INFO] [CONSOLE] herp derp derp
2010-12-09 20:20:28 [INFO] [CONSOLE] gonna lay olivia down, bbiab
2010-12-10 00:03:27 [INFO] bik lost connection: Quitting
2010-12-10 14:31:41 [INFO] bik [/24.17.145.236:2502] logged in with entity id 411780
2010-12-10 15:05:14 [INFO] bik lost connection: Quitting
2010-12-10 15:16:01 [INFO] [CONSOLE] hey
2010-12-10 15:16:23 [INFO] Reloaded mod
2010-12-10 15:16:53 [INFO] CONSOLE: Stopping the server..
2010-12-10 15:16:53 [INFO] Stopping server
2010-12-10 15:16:53 [INFO] Saving chunks
