2010-12-22 13:04:12 [INFO] Starting minecraft server version Beta 1.1_02
2010-12-22 13:04:12 [INFO] Loading properties
2010-12-22 13:04:12 [INFO] Starting Minecraft server on *:25565
2010-12-22 13:04:12 [INFO] Note: your current classpath is: {0}
2010-12-22 13:04:12 [INFO] hMod Build Information: {0}
2010-12-22 13:04:13 [INFO] Preparing level "world"
2010-12-22 13:04:13 [INFO] Preparing start region
2010-12-22 13:04:14 [INFO] Done! For help, type "help" or "?"
2010-12-22 13:04:17 [WARNING] Can't keep up! Did the system time change, or is the server overloaded?
2010-12-22 13:34:23 [INFO] bik [/24.17.145.236:42063] logged in with entity id 34
2010-12-22 13:37:27 [INFO] [CONSOLE] soup
2010-12-22 13:37:33 [INFO] [CONSOLE] running the latest beta server, now
2010-12-22 13:37:40 [INFO] <{0}> {1}
2010-12-22 13:37:41 [INFO] [CONSOLE] things should be better.. lead decay is fixed, supposedly
2010-12-22 13:38:04 [INFO] [CONSOLE] leaf, even
2010-12-22 13:38:08 [INFO] [CONSOLE] and some item dupe stuff
2010-12-22 13:38:16 [INFO] [CONSOLE] notch is a fuckin jackoff
2010-12-22 13:38:24 [INFO] <{0}> {1}
2010-12-22 13:38:40 [INFO] <{0}> {1}
2010-12-22 13:38:50 [INFO] <{0}> {1}
2010-12-22 13:38:58 [INFO] <{0}> {1}
2010-12-22 13:43:45 [INFO] [CONSOLE] sorry.. gotta shut down the server
2010-12-22 13:43:48 [INFO] CONSOLE: Stopping the server..
2010-12-22 13:43:48 [INFO] Stopping server
2010-12-22 13:43:48 [INFO] Saving chunks
