2010-11-10 20:35:09 [INFO] Starting minecraft server version 0.2.4
2010-11-10 20:35:09 [INFO] Loading properties
2010-11-10 20:35:09 [INFO] Starting Minecraft server on *:25565
2010-11-10 20:35:09 [INFO] Hey0 Server Mod Build 125
2010-11-10 20:35:09 [INFO] Preparing level "world"
2010-11-10 20:35:09 [INFO] Preparing start region
2010-11-10 20:35:10 [INFO] Done! For help, type "help" or "?"
2010-11-10 20:35:11 [INFO] Processed plugin 'Items.js'.
2010-11-10 20:35:11 [INFO] Processed plugin 'Build.js'.
2010-11-10 20:35:11 [INFO] Processed plugin 'Hitblox.js'.
2010-11-10 20:35:11 [INFO] JSApi initialized (rev 6)
2010-11-10 20:35:14 [WARNING] Can't keep up! Did the system time change, or is the server overloaded?
2010-11-10 20:35:19 [INFO] pfox__ [/192.168.1.108:40740] logged in with entity id 34
2010-11-10 20:35:21 [WARNING] Can't keep up! Did the system time change, or is the server overloaded?
2010-11-10 20:36:21 [INFO] bik [/24.17.145.236:20124] logged in with entity id 918
2010-11-10 20:39:39 [INFO] <pfox__> ghghghghgh
2010-11-10 20:42:18 [INFO] pfox__ teleported bik to their self.
2010-11-10 20:42:33 [INFO] <pfox__> sup hmo
2010-11-10 20:42:41 [INFO] <bik> dude where did my house go
2010-11-10 20:42:49 [INFO] <pfox__> i did /tphere to you
2010-11-10 20:42:50 [INFO] <bik> I'm building on shit here
2010-11-10 20:42:54 [INFO] <pfox__> ok
2010-11-10 20:42:57 [INFO] <pfox__> type /spawn
2010-11-10 20:43:01 [INFO] <pfox__> to tp to spawn
2010-11-10 20:43:06 [WARNING] Can't keep up! Did the system time change, or is the server overloaded?
2010-11-10 20:43:19 [INFO] <pfox__> you can do /help to see what you can do.. you're a mod
2010-11-10 20:43:31 [INFO] <pfox__> i think you can do /give.. to give yourself various blocks
2010-11-10 20:44:13 [INFO] Giving bik some 5
2010-11-10 20:44:24 [INFO] <bik> fuckin snap
2010-11-10 20:44:33 [INFO] <pfox__> dude wanna world scum this shit?
2010-11-10 20:44:38 [INFO] <pfox__> gen a world w/o snow
2010-11-10 20:44:52 [INFO] <bik> no
2010-11-10 20:44:56 [INFO] <bik> I starter
2010-11-10 20:45:00 [INFO] <pfox__> werd
2010-11-10 20:45:01 [INFO] <bik> started
2010-11-10 20:45:41 [INFO] Giving bik some 12
2010-11-10 20:47:26 [INFO] <bik> item torch 64
2010-11-10 20:47:33 [INFO] Giving bik some 50
2010-11-10 20:48:55 [INFO] <pfox__> btw if you're bored, i have a plugin on the server to run plugins written in javascript
2010-11-10 20:49:05 [INFO] <pfox__> so you can add/test w/o restarting the server
2010-11-10 20:49:20 [INFO] <pfox__> i can give you the url to the page for the plugin so you can see the api
2010-11-10 20:50:45 [INFO] <pfox__> can i drop a box in your house?
2010-11-10 20:50:50 [INFO] <pfox__> a workbench
2010-11-10 20:52:30 [INFO] <bik> tttw
2010-11-10 20:53:01 [INFO] <bik> build your own damn house
2010-11-10 20:54:47 [INFO] Giving bik some 42
2010-11-10 20:55:27 [INFO] Giving bik some 46
2010-11-10 20:55:38 [INFO] Giving bik some 46
2010-11-10 20:56:49 [INFO] <bik> come here
2010-11-10 20:58:12 [INFO] <pfox__> hopefully that doesn't spam the server
2010-11-10 20:58:26 [INFO] <pfox__> i don't recall if tnt will lag a server or not. oh well.
2010-11-10 20:58:30 [INFO] <bik> item tnt 9001
2010-11-10 20:58:33 [INFO] <bik> er
2010-11-10 20:58:40 [INFO] Giving bik some 46
2010-11-10 20:59:58 [INFO] <bik> woah
2010-11-10 21:00:04 [INFO] <pfox__> wut
2010-11-10 21:00:06 [INFO] <bik> half way done and accidentally set it off
2010-11-10 21:00:15 [INFO] pfox__ teleported to bik
2010-11-10 21:00:19 [INFO] <bik> you should check out this impressive crater
2010-11-10 21:00:24 [INFO] <pfox__> lulz
2010-11-10 21:00:36 [INFO] <bik> I'm gonna do another
2010-11-10 21:00:43 [INFO] <bik> bigger this time
2010-11-10 21:00:47 [INFO] <bik> 20x20
2010-11-10 21:01:12 [INFO] <pfox__> blast a trench to fill the crater
2010-11-10 21:01:17 [INFO] <pfox__> and build an island
2010-11-10 21:01:29 [INFO] <pfox__> that'd be dope
2010-11-10 21:01:45 [INFO] <pfox__> what's mike's mc name? you should tell him bout the server
2010-11-10 21:05:01 [INFO] <pfox__> water is gay now, it doesn't flow worth a shit
2010-11-10 21:10:38 [INFO] <pfox__> pit mine to bedrock!
2010-11-10 21:13:48 [INFO] <bik> hly fuck
2010-11-10 21:13:49 [INFO] <pfox__> nice
2010-11-10 21:15:04 [INFO] <pfox__> come here
2010-11-10 21:16:42 [WARNING] bik moved wrongly!
2010-11-10 21:17:17 [WARNING] bik moved wrongly!
2010-11-10 21:18:03 [INFO] <pfox__> its weird
2010-11-10 21:18:14 [INFO] <pfox__> you only see/here the explosion if you are the one who sets off teh tnt
2010-11-10 21:22:19 [INFO] <bik> fire in the hole
2010-11-10 21:22:29 [WARNING] Can't keep up! Did the system time change, or is the server overloaded?
2010-11-10 21:22:43 [INFO] <pfox__> fuck
2010-11-10 21:23:36 [WARNING] Can't keep up! Did the system time change, or is the server overloaded?
2010-11-10 21:23:37 [INFO] <bik> that was about 300 blocks of tnt
2010-11-10 21:23:59 [INFO] <bik> still sisn't hit bottom
2010-11-10 21:24:43 [INFO] <pfox__> haha.. i warped out
2010-11-10 21:24:47 [INFO] Giving bik some 46
2010-11-10 21:24:55 [INFO] <pfox__> and im looking at the crater in the side of the hill that you blew out from the ridge near spawn
2010-11-10 21:24:59 [INFO] <pfox__> its pretty huge
2010-11-10 21:27:40 [INFO] <pfox__> here i come
2010-11-10 21:28:06 [INFO] <pfox__> haha lag
2010-11-10 21:28:41 [INFO] <pfox__> all i saw was smoke and water for like 30 secs
2010-11-10 21:28:46 [INFO] <pfox__> lava
2010-11-10 21:29:25 [WARNING] Can't keep up! Did the system time change, or is the server overloaded?
2010-11-10 21:31:28 [INFO] Giving bik some 46
2010-11-10 21:31:40 [INFO] <pfox__> there's new warp that'll take you to the surface at the top of the pit
2010-11-10 21:31:46 [INFO] <pfox__> do /warp pittop
2010-11-10 21:33:23 [INFO] <pfox__> saphire says hi
2010-11-10 21:33:28 [INFO] <bik> sup
2010-11-10 21:33:59 [INFO] <bik> I'm about to light this fucker off
2010-11-10 21:34:11 [INFO] <pfox__> wait
2010-11-10 21:34:24 [INFO] <pfox__> i want to watch top on my server to see how it spikes
2010-11-10 21:34:31 [INFO] <pfox__> gimme a countdown
2010-11-10 21:34:47 [INFO] <bik> did you see this thing?
2010-11-10 21:34:57 [INFO] [CONSOLE] no.. im at the top of the pit
2010-11-10 21:35:03 [INFO] [CONSOLE] any time you're ready
2010-11-10 21:35:32 [INFO] <bik> 8x8x35 pyre
2010-11-10 21:35:45 [INFO] <bik> 5 secods
2010-11-10 21:35:46 [INFO] [CONSOLE] set it off already
2010-11-10 21:35:59 [WARNING] Can't keep up! Did the system time change, or is the server overloaded?
2010-11-10 21:36:03 [INFO] [CONSOLE] haha
2010-11-10 21:36:54 [INFO] <bik> there's the bottom
2010-11-10 21:36:55 [INFO] <pfox__> ah. there's the adminium
2010-11-10 21:41:29 [INFO] <pfox__> look up
2010-11-10 21:41:35 [INFO] <pfox__> see where i am?
2010-11-10 21:41:38 [INFO] <pfox__> blow this shit up
2010-11-10 21:41:41 [INFO] <bik> yeah so
2010-11-10 21:43:24 [WARNING] bik moved wrongly!
2010-11-10 21:44:36 [INFO] <pfox__> dude im trying to start a tree farm
2010-11-10 21:46:02 [INFO] <pfox__> i need to get some grass down here, somehow
2010-11-10 21:46:09 [INFO] <pfox__> i can prolly write a plugin for it
2010-11-10 21:46:29 [INFO] <pfox__> people have java plugins so that you can like right click on dirt and make it grassy
2010-11-10 21:46:29 [INFO] <bik> oops
2010-11-10 21:46:45 [INFO] <pfox__> this is why we can't have anything nice!
2010-11-10 21:50:36 [INFO] <pfox__> dude go blow shit up somewhere else
2010-11-10 21:51:05 [INFO] <bik> dude Im mining
2010-11-10 21:51:13 [INFO] <pfox__> mine in another direction
2010-11-10 21:51:20 [INFO] <pfox__> im trying to get this tree farm goin
2010-11-10 21:51:33 [INFO] <pfox__> hmm the trees don't want to grow. weird.. amybe its the light?
2010-11-10 21:51:37 [INFO] <bik> I'm mining your farm
2010-11-10 21:53:32 [INFO] pfox__ tried command /pittop
2010-11-10 21:55:19 [WARNING] Can't keep up! Did the system time change, or is the server overloaded?
2010-11-10 21:56:47 [INFO] <bik> I'm going to bed
2010-11-10 21:56:57 [INFO] <pfox__> night
2010-11-10 21:57:07 [INFO] <bik> I'll mine more of your farm tomorrow
2010-11-10 21:57:21 [INFO] <pfox__> ill have blacklisted tnt and de-modded you by then
2010-11-10 21:57:22 [INFO] <bik> tnt is cool
2010-11-10 21:57:57 [INFO] <bik> I wonder how long it would take to blow the whole world down to the bedrock
2010-11-10 21:58:15 [INFO] <pfox__> you should make a big crater at spawn, heh
2010-11-10 21:58:25 [INFO] <bik> I only play on tnt servers btw
2010-11-10 21:58:52 [INFO] <pfox__> well if you want to keep tnt, then don't be a douche about it
2010-11-10 21:59:23 [INFO] <bik> I accidentally blew my house in half
2010-11-10 21:59:27 [INFO] <pfox__> i saw that
2010-11-10 21:59:34 [INFO] <bik> and that was way cooler than some trees
2010-11-10 21:59:39 [INFO] <pfox__> i had previously resisted the urge to burn your house down
2010-11-10 21:59:50 [INFO] <bik> you should have
2010-11-10 21:59:57 [INFO] <bik> amateur
2010-11-10 22:00:06 [INFO] <pfox__> go to bed, old man
2010-11-10 22:00:16 [INFO] <pfox__> be sure to soak your dentures, fag
2010-11-10 22:01:18 [WARNING] bik moved wrongly!
2010-11-10 22:01:40 [INFO] <bik> cow hunting with tnt
2010-11-10 22:01:54 [INFO] <bik> woah I found an underground lair
2010-11-10 22:02:06 [INFO] <pfox__> mossy cobble?
2010-11-10 22:06:38 [INFO] bik lost connection: Quitting
2010-11-10 22:14:21 [INFO] pfox__ lost connection: Quitting
2010-11-11 19:22:11 [INFO] CONSOLE: Stopping the server..
2010-11-11 19:22:11 [INFO] Stopping server
2010-11-11 19:22:11 [INFO] Saving chunks
